<?xml version="1.0" encoding="UTF-8"?>
<testsuite xmlns:xsi="http://www.w3.org/2001/XMLSchema-instance" xsi:noNamespaceSchemaLocation="https://maven.apache.org/surefire/maven-surefire-plugin/xsd/surefire-test-report-3.0.xsd" version="3.0" name="TestRunner" time="17.334" tests="2" errors="2" skipped="0" failures="0">
  <properties>
[...]
</properties>
  <testcase name="Check that Renew plan early overlay is displayed in Add Data overlay" classname="Red Hybrid Add Extras Category links" time="17.201">
    <error message="Could not start a new session. Response code 500. Message: An unknown server-side error occurred while processing the command. Original error: Unable to launch WebDriverAgent because of xcodebuild failure: xcodebuild failed with code 65&#10;xcodebuild error message:&#10;. Make sure you follow the tutorial at https://github.com/appium/appium-xcuitest-driver/blob/master/docs/real-device-config.md. Try to remove the WebDriverAgentRunner application from the device if it is installed and reboot the device. &#10;Host info: host: &apos;E1180517&apos;, ip: &apos;fe80:0:0:0:44:43a0:7825:8479%en0&apos;&#10;Build info: version: &apos;4.13.0&apos;, revision: &apos;ba948ece5b*&apos;&#10;System info: os.name: &apos;Mac OS X&apos;, os.arch: &apos;aarch64&apos;, os.version: &apos;13.5.1&apos;, java.version: &apos;17.0.7&apos;&#10;Driver info: io.appium.java_client.ios.IOSDriver&#10;Command: [null, newSession {capabilities=[{appium:autoAcceptAlerts=false, appium:automationName=XCUITest, appium:bundleId=com.VIS.myvodafoneUK, appium:deviceName=iPhone 12 Pro, appium:newCommandTimeout=60000, appium:noReset=false, platformName=IOS, appium:platformVersion=16.1.1, appium:udid=00008101-000E399A2684001E}], desiredCapabilities=Capabilities {autoAcceptAlerts: false, automationName: XCUITest, bundleId: com.VIS.myvodafoneUK, deviceName: iPhone 12 Pro, newCommandTimeout: 60000, noReset: false, platformName: IOS, platformVersion: 16.1.1, udid: 00008101-000E399A2684001E}}]&#10;Capabilities {autoAcceptAlerts: false, automationName: XCUITest, bundleId: com.VIS.myvodafoneUK, deviceName: iPhone 12 Pro, newCommandTimeout: 60000, noReset: false, platformName: IOS, platformVersion: 16.1.1, udid: 00008101-000E399A2684001E}" type="org.openqa.selenium.SessionNotCreatedException"><![CDATA[org.openqa.selenium.SessionNotCreatedException: 
Could not start a new session. Response code 500. Message: An unknown server-side error occurred while processing the command. Original error: Unable to launch WebDriverAgent because of xcodebuild failure: xcodebuild failed with code 65
xcodebuild error message:
. Make sure you follow the tutorial at https://github.com/appium/appium-xcuitest-driver/blob/master/docs/real-device-config.md. Try to remove the WebDriverAgentRunner application from the device if it is installed and reboot the device. 
Host info: host: 'E1180517', ip: 'fe80:0:0:0:44:43a0:7825:8479%en0'
Build info: version: '4.13.0', revision: 'ba948ece5b*'
System info: os.name: 'Mac OS X', os.arch: 'aarch64', os.version: '13.5.1', java.version: '17.0.7'
Driver info: io.appium.java_client.ios.IOSDriver
Command: [null, newSession {capabilities=[{appium:autoAcceptAlerts=false, appium:automationName=XCUITest, appium:bundleId=com.VIS.myvodafoneUK, appium:deviceName=iPhone 12 Pro, appium:newCommandTimeout=60000, appium:noReset=false, platformName=IOS, appium:platformVersion=16.1.1, appium:udid=00008101-000E399A2684001E}], desiredCapabilities=Capabilities {autoAcceptAlerts: false, automationName: XCUITest, bundleId: com.VIS.myvodafoneUK, deviceName: iPhone 12 Pro, newCommandTimeout: 60000, noReset: false, platformName: IOS, platformVersion: 16.1.1, udid: 00008101-000E399A2684001E}}]
Capabilities {autoAcceptAlerts: false, automationName: XCUITest, bundleId: com.VIS.myvodafoneUK, deviceName: iPhone 12 Pro, newCommandTimeout: 60000, noReset: false, platformName: IOS, platformVersion: 16.1.1, udid: 00008101-000E399A2684001E}
	at org.openqa.selenium.remote.ProtocolHandshake.createSession(ProtocolHandshake.java:140)
	at java.base/jdk.internal.reflect.NativeMethodAccessorImpl.invoke0(Native Method)
	at java.base/jdk.internal.reflect.NativeMethodAccessorImpl.invoke(NativeMethodAccessorImpl.java:77)
	at java.base/jdk.internal.reflect.DelegatingMethodAccessorImpl.invoke(DelegatingMethodAccessorImpl.java:43)
	at java.base/java.lang.reflect.Method.invoke(Method.java:568)
	at io.appium.java_client.remote.AppiumProtocolHandshake.createSession(AppiumProtocolHandshake.java:133)
	at io.appium.java_client.remote.AppiumProtocolHandshake.createSession(AppiumProtocolHandshake.java:102)
	at io.appium.java_client.remote.AppiumCommandExecutor.createSession(AppiumCommandExecutor.java:182)
	at io.appium.java_client.remote.AppiumCommandExecutor.execute(AppiumCommandExecutor.java:250)
	at org.openqa.selenium.remote.RemoteWebDriver.execute(RemoteWebDriver.java:602)
	at io.appium.java_client.AppiumDriver.startSession(AppiumDriver.java:274)
	at org.openqa.selenium.remote.RemoteWebDriver.<init>(RemoteWebDriver.java:163)
	at io.appium.java_client.AppiumDriver.<init>(AppiumDriver.java:89)
	at io.appium.java_client.AppiumDriver.<init>(AppiumDriver.java:101)
	at io.appium.java_client.ios.IOSDriver.<init>(IOSDriver.java:104)
	at core.drivers_initializer.drivers.BaseIOSDriver.createDriver(BaseIOSDriver.java:18)
	at core.drivers_initializer.drivers.BaseIOSDriver.createDriver(BaseIOSDriver.java:12)
	at core.drivers_initializer.drivers.AppiumMobileDriver.setup(AppiumMobileDriver.java:154)
	at core.Hooks.beforeAll(Hooks.java:216)
]]></error>
    <system-out><![CDATA[
@3G @RedHybrid @TC_1048344 @POST_BETA
Scenario: Check that Renew plan early overlay is displayed in Add Data overlay &amp#27;[90m# src/test/resources/features/RedHybrid/Red_Hybrid_Add_Extras_Category_links.feature:37&amp#27;[0m
ios
Running using local Appium server
linesplatformName=iOS
linesplatformVersion=16.1.1
linesdeviceName=iPhone 12 Pro
linesudid=00008101-000E399A2684001E
linesautoAcceptAlerts=false
linesnoReset=false
linesautomationName=XCUITest
linesbundleId=com.VIS.myvodafoneUK
linesnewCommandTimeout=60000
      &amp#27;[31morg.openqa.selenium.SessionNotCreatedException: Could not start a new session. Response code 500. Message: An unknown server-side error occurred while processing the command. Original error: Unable to launch WebDriverAgent because of xcodebuild failure: xcodebuild failed with code 65
xcodebuild error message:
. Make sure you follow the tutorial at https://github.com/appium/appium-xcuitest-driver/blob/master/docs/real-device-config.md. Try to remove the WebDriverAgentRunner application from the device if it is installed and reboot the device. 
Host info: host: 'E1180517', ip: 'fe80:0:0:0:44:43a0:7825:8479%en0'
Build info: version: '4.13.0', revision: 'ba948ece5b*'
System info: os.name: 'Mac OS X', os.arch: 'aarch64', os.version: '13.5.1', java.version: '17.0.7'
Driver info: io.appium.java_client.ios.IOSDriver
Command: [null, newSession {capabilities=[{appium:autoAcceptAlerts=false, appium:automationName=XCUITest, appium:bundleId=com.VIS.myvodafoneUK, appium:deviceName=iPhone 12 Pro, appium:newCommandTimeout=60000, appium:noReset=false, platformName=IOS, appium:platformVersion=16.1.1, appium:udid=00008101-000E399A2684001E}], desiredCapabilities=Capabilities {autoAcceptAlerts: false, automationName: XCUITest, bundleId: com.VIS.myvodafoneUK, deviceName: iPhone 12 Pro, newCommandTimeout: 60000, noReset: false, platformName: IOS, platformVersion: 16.1.1, udid: 00008101-000E399A2684001E}}]
Capabilities {autoAcceptAlerts: false, automationName: XCUITest, bundleId: com.VIS.myvodafoneUK, deviceName: iPhone 12 Pro, newCommandTimeout: 60000, noReset: false, platformName: IOS, platformVersion: 16.1.1, udid: 00008101-000E399A2684001E}
	at org.openqa.selenium.remote.ProtocolHandshake.createSession(ProtocolHandshake.java:140)
	at java.base/jdk.internal.reflect.NativeMethodAccessorImpl.invoke0(Native Method)
	at java.base/jdk.internal.reflect.NativeMethodAccessorImpl.invoke(NativeMethodAccessorImpl.java:77)
	at java.base/jdk.internal.reflect.DelegatingMethodAccessorImpl.invoke(DelegatingMethodAccessorImpl.java:43)
	at java.base/java.lang.reflect.Method.invoke(Method.java:568)
	at io.appium.java_client.remote.AppiumProtocolHandshake.createSession(AppiumProtocolHandshake.java:133)
	at io.appium.java_client.remote.AppiumProtocolHandshake.createSession(AppiumProtocolHandshake.java:102)
	at io.appium.java_client.remote.AppiumCommandExecutor.createSession(AppiumCommandExecutor.java:182)
	at io.appium.java_client.remote.AppiumCommandExecutor.execute(AppiumCommandExecutor.java:250)
	at org.openqa.selenium.remote.RemoteWebDriver.execute(RemoteWebDriver.java:602)
	at io.appium.java_client.AppiumDriver.startSession(AppiumDriver.java:274)
	at org.openqa.selenium.remote.RemoteWebDriver.<init>(RemoteWebDriver.java:163)
	at io.appium.java_client.AppiumDriver.<init>(AppiumDriver.java:89)
	at io.appium.java_client.AppiumDriver.<init>(AppiumDriver.java:101)
	at io.appium.java_client.ios.IOSDriver.<init>(IOSDriver.java:104)
	at core.drivers_initializer.drivers.BaseIOSDriver.createDriver(BaseIOSDriver.java:18)
	at core.drivers_initializer.drivers.BaseIOSDriver.createDriver(BaseIOSDriver.java:12)
	at core.drivers_initializer.drivers.AppiumMobileDriver.setup(AppiumMobileDriver.java:154)
	at core.Hooks.beforeAll(Hooks.java:216)
&amp#27;[0m
  &amp#27;[36mGiven &amp#27;[0m&amp#27;[36mI am MVA user and logged in using Soft Login&amp#27;[0m                           &amp#27;[90m# stepdefs.RedHybrid.RedHybrid_Login.clickOnSkipLoginButton()&amp#27;[0m
  &amp#27;[36mAnd &amp#27;[0m&amp#27;[36mI should be navigated to dashboard&amp#27;[0m                                       &amp#27;[90m# stepdefs.RedHybrid.RedHybrid_Login.dashboardIsDisplayed()&amp#27;[0m
  &amp#27;[36mWhen &amp#27;[0m&amp#27;[36mI navigate to add extras overlay&amp#27;[0m                                        &amp#27;[90m# stepdefs.RedHybrid.Dashboard_ExtrasList_Overlay.userClicksOnAddExtrasTile()&amp#27;[0m
  &amp#27;[36mWhen &amp#27;[0m&amp#27;[36mI click on &amp#27;[0m&amp#27;[36m&amp#27;[1m"Data Extra"&amp#27;[0m&amp#27;[36m extra&amp#27;[0m                                           &amp#27;[90m# stepdefs.RedHybrid.RedHybrid_AddExtras_CategoryLink.userClicksOnRoaming_In_Europe_Extra(java.lang.String)&amp#27;[0m
  &amp#27;[36mAnd &amp#27;[0m&amp#27;[36mI navigate to Extra overlay&amp#27;[0m                                              &amp#27;[90m# stepdefs.RedHybrid.RedHybrid_AddExtras_CategoryLink.extraOverlayAppearToTheUser()&amp#27;[0m
  &amp#27;[36mThen &amp#27;[0m&amp#27;[36mI should see Renew Plan Early CTA is Displayed&amp#27;[0m                          &amp#27;[90m# stepdefs.RedHybrid.RedHybrid_AddExtras_CategoryLink.CheckRenewPlanEarlyCTA()&amp#27;[0m
  &amp#27;[36mWhen &amp#27;[0m&amp#27;[36mI click on Renew Plan Early CTA&amp#27;[0m                                         &amp#27;[90m# stepdefs.RedHybrid.RedHybrid_AddExtras_CategoryLink.iClickOnRenewPlanEarlyCTA()&amp#27;[0m
  &amp#27;[36mThen &amp#27;[0m&amp#27;[36mI should be directed to Renew_plan_early_overlay&amp#27;[0m                        &amp#27;[90m# stepdefs.RedHybrid.RenewPlanEarly.userShouldBeDirectedToRenew_plan_early_overlay()&amp#27;[0m
Failed to take embed Screenshot
========/n Return to the dashborad /n===========
[Ljava.lang.StackTraceElement;@6a2d0a19
]]></system-out>
  </testcase>
  <testcase name="" classname="TestRunner" time="17.334">
    <error message="Cannot invoke &quot;io.appium.java_client.AppiumDriver.quit()&quot; because &quot;core.Hooks.driver&quot; is null" type="java.lang.NullPointerException"><![CDATA[java.lang.NullPointerException: Cannot invoke "io.appium.java_client.AppiumDriver.quit()" because "core.Hooks.driver" is null
	at core.Hooks.teardown(Hooks.java:82)
	at core.EventHandlerPlugin$1.receive(EventHandlerPlugin.java:29)
	at core.EventHandlerPlugin$1.receive(EventHandlerPlugin.java:25)
	at io.cucumber.core.eventbus.AbstractEventPublisher.send(AbstractEventPublisher.java:51)
	at io.cucumber.core.eventbus.AbstractEventBus.send(AbstractEventBus.java:12)
	at io.cucumber.core.runtime.SynchronizedEventBus.send(SynchronizedEventBus.java:47)
	at io.cucumber.core.runtime.CucumberExecutionContext.emitTestRunFinished(CucumberExecutionContext.java:118)
	at io.cucumber.core.runtime.CucumberExecutionContext.finishTestRun(CucumberExecutionContext.java:105)
	at io.cucumber.core.runtime.CucumberExecutionContext.runFeatures(CucumberExecutionContext.java:153)
	at io.cucumber.junit.Cucumber$StartAndFinishTestRun.evaluate(Cucumber.java:226)
	at org.junit.runners.ParentRunner$3.evaluate(ParentRunner.java:306)
	at org.junit.runners.ParentRunner.run(ParentRunner.java:413)
	at org.junit.runner.JUnitCore.run(JUnitCore.java:137)
	at org.junit.runner.JUnitCore.run(JUnitCore.java:115)
	at org.junit.vintage.engine.execution.RunnerExecutor.execute(RunnerExecutor.java:42)
	at org.junit.vintage.engine.VintageTestEngine.executeAllChildren(VintageTestEngine.java:80)
	at org.junit.vintage.engine.VintageTestEngine.execute(VintageTestEngine.java:72)
	at org.junit.platform.launcher.core.EngineExecutionOrchestrator.execute(EngineExecutionOrchestrator.java:147)
	at org.junit.platform.launcher.core.EngineExecutionOrchestrator.execute(EngineExecutionOrchestrator.java:127)
	at org.junit.platform.launcher.core.EngineExecutionOrchestrator.execute(EngineExecutionOrchestrator.java:90)
	at org.junit.platform.launcher.core.EngineExecutionOrchestrator.lambda$execute$0(EngineExecutionOrchestrator.java:55)
	at org.junit.platform.launcher.core.EngineExecutionOrchestrator.withInterceptedStreams(EngineExecutionOrchestrator.java:102)
	at org.junit.platform.launcher.core.EngineExecutionOrchestrator.execute(EngineExecutionOrchestrator.java:54)
	at org.junit.platform.launcher.core.DefaultLauncher.execute(DefaultLauncher.java:114)
	at org.junit.platform.launcher.core.DefaultLauncher.execute(DefaultLauncher.java:86)
	at org.junit.platform.launcher.core.DefaultLauncherSession$DelegatingLauncher.execute(DefaultLauncherSession.java:86)
	at org.apache.maven.surefire.junitplatform.LazyLauncher.execute(LazyLauncher.java:55)
	at org.apache.maven.surefire.junitplatform.JUnitPlatformProvider.execute(JUnitPlatformProvider.java:223)
	at org.apache.maven.surefire.junitplatform.JUnitPlatformProvider.invokeAllTests(JUnitPlatformProvider.java:175)
	at org.apache.maven.surefire.junitplatform.JUnitPlatformProvider.invoke(JUnitPlatformProvider.java:139)
	at org.apache.maven.surefire.booter.ForkedBooter.runSuitesInProcess(ForkedBooter.java:456)
	at org.apache.maven.surefire.booter.ForkedBooter.execute(ForkedBooter.java:169)
	at org.apache.maven.surefire.booter.ForkedBooter.run(ForkedBooter.java:595)
	at org.apache.maven.surefire.booter.ForkedBooter.main(ForkedBooter.java:581)
]]></error>
  </testcase>
</testsuite>