<?xml version="1.0" encoding="UTF-8"?>
<testsuite xmlns:xsi="http://www.w3.org/2001/XMLSchema-instance" xsi:noNamespaceSchemaLocation="https://maven.apache.org/surefire/maven-surefire-plugin/xsd/surefire-test-report-3.0.xsd" version="3.0" name="Cucumber" time="0" tests="830" errors="2" skipped="828" failures="0">
  <properties>
[...]
</properties>
  <testcase name="Acquisition Board - Test Case 506753: 309986.09_P1_Check Tobi behavior in the acquisition dashboard_Functional" classname="Acquisition Board" time="0">
    <skipped message="&apos;cucumber.filter.tags=@TC_1048344&apos; did not match this scenario"/>
    <system-err><![CDATA[Dec 26, 2023 5:32:27 PM io.cucumber.junit.platform.engine.DiscoverySelectorResolver warnWhenCucumberFeaturesPropertyIsUsed
WARNING: Discovering tests using the cucumber.features property. Other discovery selectors are ignored!
Please request/upvote/sponsor/ect better support for JUnit 5 discovery selectors.
See: https://github.com/cucumber/cucumber-jvm/pull/2498
SLF4J: No SLF4J providers were found.
SLF4J: Defaulting to no-operation (NOP) logger implementation
SLF4J: See https://www.slf4j.org/codes.html#noProviders for further details.
]]></system-err>
  </testcase>
  <testcase name="Acquisition Board - 252540_11_P1_Check &quot;Settings&quot; Target from the acquisition dashboard_Functional" classname="Acquisition Board" time="0">
    <skipped message="&apos;cucumber.filter.tags=@TC_1048344&apos; did not match this scenario"/>
  </testcase>
  <testcase name="Acquisition Board - 252540_12_P1_Check &quot;My Account&quot; Target from the acquisition dashboard_Functional" classname="Acquisition Board" time="0">
    <skipped message="&apos;cucumber.filter.tags=@TC_1048344&apos; did not match this scenario"/>
  </testcase>
  <testcase name="Acquisition Board - Check existence of secondary subscription on subscriptions sub-overlay screen" classname="Acquisition Board" time="0">
    <skipped message="&apos;cucumber.filter.tags=@TC_1048344&apos; did not match this scenario"/>
  </testcase>
  <testcase name="Acquisition Board - Check Target of Login CTA With Unknown User On Wifi Connection" classname="Acquisition Board" time="0">
    <skipped message="&apos;cucumber.filter.tags=@TC_1048344&apos; did not match this scenario"/>
  </testcase>
  <testcase name="Acquisition Board - Check Target of Login CTA With Unknown User On Wifi Connection" classname="Acquisition Board" time="0">
    <skipped message="&apos;cucumber.filter.tags=@TC_1048344&apos; did not match this scenario"/>
  </testcase>
  <testcase name="Acquisition Board - Check acquisition dashboard background image targeted URL" classname="Acquisition Board" time="0">
    <skipped message="&apos;cucumber.filter.tags=@TC_1048344&apos; did not match this scenario"/>
  </testcase>
  <testcase name="Acquisition Board - Check acquisition dashboard header SeeOffer CTA targeted URL" classname="Acquisition Board" time="0">
    <skipped message="&apos;cucumber.filter.tags=@TC_1048344&apos; did not match this scenario"/>
  </testcase>
  <testcase name="Acquisition Board - validate New Acquisition Dashboard - Header and  Re direction" classname="Acquisition Board" time="0">
    <skipped message="&apos;cucumber.filter.tags=@TC_1048344&apos; did not match this scenario"/>
  </testcase>
  <testcase name="Acquisition Board - Validate Why vodafone section new basic dashboard" classname="Acquisition Board" time="0">
    <skipped message="&apos;cucumber.filter.tags=@TC_1048344&apos; did not match this scenario"/>
  </testcase>
  <testcase name="Acquisition Board - validate Discover vodafone in basic dashboard new implementation" classname="Acquisition Board" time="0">
    <skipped message="&apos;cucumber.filter.tags=@TC_1048344&apos; did not match this scenario"/>
  </testcase>
  <testcase name="Acquisition Board - TC03_checkMoreToLoveSection" classname="Acquisition Board" time="0">
    <skipped message="&apos;cucumber.filter.tags=@TC_1048344&apos; did not match this scenario"/>
  </testcase>
  <testcase name="Acquisition Board - Check Why Vodafone section" classname="Acquisition Board" time="0">
    <skipped message="&apos;cucumber.filter.tags=@TC_1048344&apos; did not match this scenario"/>
  </testcase>
  <testcase name="Acquisition Board - Validate the latest offers in basic dashboard new section" classname="Acquisition Board" time="0">
    <skipped message="&apos;cucumber.filter.tags=@TC_1048344&apos; did not match this scenario"/>
  </testcase>
  <testcase name="Billing Card - Validate the Billing Title Card X CTA Functionality" classname="Billing Card" time="0">
    <skipped message="&apos;cucumber.filter.tags=@TC_1048344&apos; did not match this scenario"/>
  </testcase>
  <testcase name="Billing Card - Validate the Billing Title Card Existence" classname="Billing Card" time="0">
    <skipped message="&apos;cucumber.filter.tags=@TC_1048344&apos; did not match this scenario"/>
  </testcase>
  <testcase name="Billing Card - Validate the Existence of the Future Bill Card" classname="Billing Card" time="0">
    <skipped message="&apos;cucumber.filter.tags=@TC_1048344&apos; did not match this scenario"/>
  </testcase>
  <testcase name="Billing Card - Validate the Redirection of the Future Bill Card to reinvent journey" classname="Billing Card" time="0">
    <skipped message="&apos;cucumber.filter.tags=@TC_1048344&apos; did not match this scenario"/>
  </testcase>
  <testcase name="Billing Tutorial for fresh install user - Verify that the Billing tutorial is displayed and click on Continue CTA" classname="Billing Tutorial for fresh install user" time="0">
    <skipped message="&apos;cucumber.filter.tags=@TC_1048344&apos; did not match this scenario"/>
  </testcase>
  <testcase name="Direct Debit - Validate Direct Debit UI" classname="Direct Debit" time="0">
    <skipped message="&apos;cucumber.filter.tags=@TC_1048344&apos; did not match this scenario"/>
  </testcase>
  <testcase name="Direct Debit - Check Direct Debit Functionality" classname="Direct Debit" time="0">
    <skipped message="&apos;cucumber.filter.tags=@TC_1048344&apos; did not match this scenario"/>
  </testcase>
  <testcase name="Direct Debit - Check the new changes in Reinvent webview  when accessing  &quot;DIRECT_DEBIT&quot; journey using a UFL FLN child" classname="Direct Debit" time="0">
    <skipped message="&apos;cucumber.filter.tags=@TC_1048344&apos; did not match this scenario"/>
  </testcase>
  <testcase name="Direct Debit - Check the app behavior when first time UFL Consumer MPS User access the Direct debit" classname="Direct Debit" time="0">
    <skipped message="&apos;cucumber.filter.tags=@TC_1048344&apos; did not match this scenario"/>
  </testcase>
  <testcase name="First Bill Card - Validate the Existence of The First Bill Card and the Explaining card" classname="First Bill Card" time="0">
    <skipped message="&apos;cucumber.filter.tags=@TC_1048344&apos; did not match this scenario"/>
  </testcase>
  <testcase name="First Bill Card - Validate the Redirection of the First Bill Card to reinvent journey" classname="First Bill Card" time="0">
    <skipped message="&apos;cucumber.filter.tags=@TC_1048344&apos; did not match this scenario"/>
  </testcase>
  <testcase name="Latest Bill Card - Validate the Existence of the Latest Bill Card" classname="Latest Bill Card" time="0">
    <skipped message="&apos;cucumber.filter.tags=@TC_1048344&apos; did not match this scenario"/>
  </testcase>
  <testcase name="Latest Bill Card - Validate the Redirection of the Latest Bill Card to reinvent journey" classname="Latest Bill Card" time="0">
    <skipped message="&apos;cucumber.filter.tags=@TC_1048344&apos; did not match this scenario"/>
  </testcase>
  <testcase name="Manage Cards and Payments - Validate &quot;Manage cards and payments&quot; chevron" classname="Manage Cards and Payments" time="0">
    <skipped message="&apos;cucumber.filter.tags=@TC_1048344&apos; did not match this scenario"/>
  </testcase>
  <testcase name="Payment overdue Card - Validate the Existence of the Latest Bill Card" classname="Payment overdue Card" time="0">
    <skipped message="&apos;cucumber.filter.tags=@TC_1048344&apos; did not match this scenario"/>
  </testcase>
  <testcase name="Payment overdue Card - Validate the Existence of the Payment Overdue Card" classname="Payment overdue Card" time="0">
    <skipped message="&apos;cucumber.filter.tags=@TC_1048344&apos; did not match this scenario"/>
  </testcase>
  <testcase name="Payment overdue Card - Validate the reinvent journey is opened when click on Pay Bill CTA" classname="Payment overdue Card" time="0">
    <skipped message="&apos;cucumber.filter.tags=@TC_1048344&apos; did not match this scenario"/>
  </testcase>
  <testcase name="Previous Bills Card - Verify that the Previous Bill Card Is Displayed" classname="Previous Bills Card" time="0">
    <skipped message="&apos;cucumber.filter.tags=@TC_1048344&apos; did not match this scenario"/>
  </testcase>
  <testcase name="Previous Bills Card - I Should check the functionality of Load More CTA" classname="Previous Bills Card" time="0">
    <skipped message="&apos;cucumber.filter.tags=@TC_1048344&apos; did not match this scenario"/>
  </testcase>
  <testcase name="Previous Bills Card - Validate Previous Bill Card Redirection to Reinvent Journey" classname="Previous Bills Card" time="0">
    <skipped message="&apos;cucumber.filter.tags=@TC_1048344&apos; did not match this scenario"/>
  </testcase>
  <testcase name="Previous Bills Card - Check the app behavior when returning UFL Consumer User access the PREVIOUS_EBILL journey" classname="Previous Bills Card" time="0">
    <skipped message="&apos;cucumber.filter.tags=@TC_1048344&apos; did not match this scenario"/>
  </testcase>
  <testcase name="Previous Bills Card - Check the app behavior when FL Consumer Subscription user access the PREVIOUS_EBILL" classname="Previous Bills Card" time="0">
    <skipped message="&apos;cucumber.filter.tags=@TC_1048344&apos; did not match this scenario"/>
  </testcase>
  <testcase name="Previous Bills Card - Check the app behavior when returning Consumer User access the PREVIOUS_EBILL journey" classname="Previous Bills Card" time="0">
    <skipped message="&apos;cucumber.filter.tags=@TC_1048344&apos; did not match this scenario"/>
  </testcase>
  <testcase name="View Billing FAQs Card - Check FAQs from Billing dashboard" classname="View Billing FAQs Card" time="0">
    <skipped message="&apos;cucumber.filter.tags=@TC_1048344&apos; did not match this scenario"/>
  </testcase>
  <testcase name="CCS - Check that forget username is working successfully" classname="CCS" time="0">
    <skipped message="&apos;cucumber.filter.tags=@TC_1048344&apos; did not match this scenario"/>
  </testcase>
  <testcase name="CCS - Validate VeryMe Title And CTA is opened successfully" classname="CCS" time="0">
    <skipped message="&apos;cucumber.filter.tags=@TC_1048344&apos; did not match this scenario"/>
  </testcase>
  <testcase name="CCS - Test Case 601797: P1 - Check Each Very Me Rewards displayed as UID_UI" classname="CCS" time="0">
    <skipped message="&apos;cucumber.filter.tags=@TC_1048344&apos; did not match this scenario"/>
  </testcase>
  <testcase name="CCS - Validate TOBi" classname="CCS" time="0">
    <skipped message="&apos;cucumber.filter.tags=@TC_1048344&apos; did not match this scenario"/>
  </testcase>
  <testcase name="CCS - Validate Discover Offers Is Opened in custom tab" classname="CCS" time="0">
    <skipped message="&apos;cucumber.filter.tags=@TC_1048344&apos; did not match this scenario"/>
  </testcase>
  <testcase name="CCS - Select Login Preferences As Username and Password" classname="CCS" time="0">
    <skipped message="&apos;cucumber.filter.tags=@TC_1048344&apos; did not match this scenario"/>
  </testcase>
  <testcase name="CCS - Check latest bill SSO for root user is working fine" classname="CCS" time="0">
    <skipped message="&apos;cucumber.filter.tags=@TC_1048344&apos; did not match this scenario"/>
  </testcase>
  <testcase name="CCS - Check previous bill SSO for root user is working fine" classname="CCS" time="0">
    <skipped message="&apos;cucumber.filter.tags=@TC_1048344&apos; did not match this scenario"/>
  </testcase>
  <testcase name="CCS - Check previous bill SSO for UFL user is working fine" classname="CCS" time="0">
    <skipped message="&apos;cucumber.filter.tags=@TC_1048344&apos; did not match this scenario"/>
  </testcase>
  <testcase name="CCS - Check the app behavior when switching to Consumer MPS UFL User and access the Direct debit journey" classname="CCS" time="0">
    <skipped message="&apos;cucumber.filter.tags=@TC_1048344&apos; did not match this scenario"/>
  </testcase>
  <testcase name="CCS - Check that manage bars and extras SSO screen opens successfully for root user" classname="CCS" time="0">
    <skipped message="&apos;cucumber.filter.tags=@TC_1048344&apos; did not match this scenario"/>
  </testcase>
  <testcase name="CCS - Check that view details SSO screen in current charges is working successfully for root user" classname="CCS" time="0">
    <skipped message="&apos;cucumber.filter.tags=@TC_1048344&apos; did not match this scenario"/>
  </testcase>
  <testcase name="CCS - Check that Data cap SSO is working fine for root user" classname="CCS" time="0">
    <skipped message="&apos;cucumber.filter.tags=@TC_1048344&apos; did not match this scenario"/>
  </testcase>
  <testcase name="CCS - Check the app behavior when an UFL consumer user access &quot;Marketing preferences&quot; journey" classname="CCS" time="0">
    <skipped message="&apos;cucumber.filter.tags=@TC_1048344&apos; did not match this scenario"/>
  </testcase>
  <testcase name="CCS - Check that spend manager SSO journey is working fine for root user" classname="CCS" time="0">
    <skipped message="&apos;cucumber.filter.tags=@TC_1048344&apos; did not match this scenario"/>
  </testcase>
  <testcase name="CCS - Check that upgrade SSO journey is working fine for root users who are eligible for upgrade" classname="CCS" time="0">
    <skipped message="&apos;cucumber.filter.tags=@TC_1048344&apos; did not match this scenario"/>
  </testcase>
  <testcase name="CCS - Check exit web confirmation message in upgrade journey for PayM eligible for Normal/SIMO/FlexUpgrade" classname="CCS" time="0">
    <skipped message="&apos;cucumber.filter.tags=@TC_1048344&apos; did not match this scenario"/>
  </testcase>
  <testcase name="CCS - Test Case 653449: P1_Check that SSO Discover Journeys are working fine" classname="CCS" time="0">
    <skipped message="&apos;cucumber.filter.tags=@TC_1048344&apos; did not match this scenario"/>
  </testcase>
  <testcase name="CCS - Check that change PIN journey is working fine" classname="CCS" time="0">
    <skipped message="&apos;cucumber.filter.tags=@TC_1048344&apos; did not match this scenario"/>
  </testcase>
  <testcase name="CCS - Test Case 506745: Check that blocked users cannot use the app_Functional" classname="CCS" time="0">
    <skipped message="&apos;cucumber.filter.tags=@TC_1048344&apos; did not match this scenario"/>
  </testcase>
  <testcase name="CCS - Test Case 506745: Check VOXi users are redirected to the correct overlay_Functional" classname="CCS" time="0">
    <skipped message="&apos;cucumber.filter.tags=@TC_1048344&apos; did not match this scenario"/>
  </testcase>
  <testcase name="CCS - Validate low credit card for PayG" classname="CCS" time="0">
    <skipped message="&apos;cucumber.filter.tags=@TC_1048344&apos; did not match this scenario"/>
  </testcase>
  <testcase name="CCS - Check that upgrade SSO journey is working fine for child users who are eligible for upgrade" classname="CCS" time="0">
    <skipped message="&apos;cucumber.filter.tags=@TC_1048344&apos; did not match this scenario"/>
  </testcase>
  <testcase name="CCS - Check that manage bars and extras SSO screen opens successfully for child user" classname="CCS" time="0">
    <skipped message="&apos;cucumber.filter.tags=@TC_1048344&apos; did not match this scenario"/>
  </testcase>
  <testcase name="CCS - Check that view details SSO screen in current charges is working successfully for child user" classname="CCS" time="0">
    <skipped message="&apos;cucumber.filter.tags=@TC_1048344&apos; did not match this scenario"/>
  </testcase>
  <testcase name="CCS - Check that Track an Order link is Assistance Menu is working fine" classname="CCS" time="0">
    <skipped message="&apos;cucumber.filter.tags=@TC_1048344&apos; did not match this scenario"/>
  </testcase>
  <testcase name="CCS - Check that &quot;Tariff migration&quot; journey title is displayed with &quot;Change your Plan&quot; instead of &quot;My Vodafone&quot; when executed" classname="CCS" time="0">
    <skipped message="&apos;cucumber.filter.tags=@TC_1048344&apos; did not match this scenario"/>
  </testcase>
  <testcase name="CCS - Check app behavior for PAYM user has one device loan after clicking on Make a payment CTA_Functional" classname="CCS" time="0">
    <skipped message="&apos;cucumber.filter.tags=@TC_1048344&apos; did not match this scenario"/>
  </testcase>
  <testcase name="CCS - Check app behavior for PAYM user has one device loan after clicking on Payment history CTA_Functional" classname="CCS" time="0">
    <skipped message="&apos;cucumber.filter.tags=@TC_1048344&apos; did not match this scenario"/>
  </testcase>
  <testcase name="CCS - Check app behavior for PAYM user has one device loan after clicking on View more details CTA_Functional" classname="CCS" time="0">
    <skipped message="&apos;cucumber.filter.tags=@TC_1048344&apos; did not match this scenario"/>
  </testcase>
  <testcase name="CCS - Check that PAYM has FLN subscription are able to login to app through UFL_Functional" classname="CCS" time="0">
    <skipped message="&apos;cucumber.filter.tags=@TC_1048344&apos; did not match this scenario"/>
  </testcase>
  <testcase name="CCS - Check that PAYM has BB subscription are able to login to app through UFL_Functional" classname="CCS" time="0">
    <skipped message="&apos;cucumber.filter.tags=@TC_1048344&apos; did not match this scenario"/>
  </testcase>
  <testcase name="CCS - Check header of internal webview when user navigate to  ACTIVATE_VOUCHER journey" classname="CCS" time="0">
    <skipped message="&apos;cucumber.filter.tags=@TC_1048344&apos; did not match this scenario"/>
  </testcase>
  <testcase name="CCS - Check header of internal webview when user navigate to MANAGE_BARS journey" classname="CCS" time="0">
    <skipped message="&apos;cucumber.filter.tags=@TC_1048344&apos; did not match this scenario"/>
  </testcase>
  <testcase name="CCS - Check that login with PIN is working successfully" classname="CCS" time="0">
    <skipped message="&apos;cucumber.filter.tags=@TC_1048344&apos; did not match this scenario"/>
  </testcase>
  <testcase name="CCS - Check Direct Debit SSO journey" classname="CCS" time="0">
    <skipped message="&apos;cucumber.filter.tags=@TC_1048344&apos; did not match this scenario"/>
  </testcase>
  <testcase name="CCS - Check that My Account Controls in the Account Settings page opens SSO in an internal webview" classname="CCS" time="0">
    <skipped message="&apos;cucumber.filter.tags=@TC_1048344&apos; did not match this scenario"/>
  </testcase>
  <testcase name="CCS - Check that airtime plan tab opens for bingo users" classname="CCS" time="0">
    <skipped message="&apos;cucumber.filter.tags=@TC_1048344&apos; did not match this scenario"/>
  </testcase>
  <testcase name="CCS - Check different vesta variations for users" classname="CCS" time="0">
    <skipped message="&apos;cucumber.filter.tags=@TC_1048344&apos; did not match this scenario"/>
  </testcase>
  <testcase name="CCS - Check different vesta variations for PayM Complex users" classname="CCS" time="0">
    <skipped message="&apos;cucumber.filter.tags=@TC_1048344&apos; did not match this scenario"/>
  </testcase>
  <testcase name="Roaming lozenge - Check variant UI for 51 &amp; 83 roaming includes plans" classname="Roaming lozenge" time="0">
    <skipped message="&apos;cucumber.filter.tags=@TC_1048344&apos; did not match this scenario"/>
  </testcase>
  <testcase name="CRO simx plan change - verify that the recommended Plan contains simx plan with black banner" classname="CRO simx plan change" time="0">
    <skipped message="&apos;cucumber.filter.tags=@TC_1048344&apos; did not match this scenario"/>
  </testcase>
  <testcase name="CRO simx plan change - Validate the functionality of find out more CTA &amp; simx tray" classname="CRO simx plan change" time="0">
    <skipped message="&apos;cucumber.filter.tags=@TC_1048344&apos; did not match this scenario"/>
  </testcase>
  <testcase name="CRO simx plan change - Validate the functionality of find out more tray CTA" classname="CRO simx plan change" time="0">
    <skipped message="&apos;cucumber.filter.tags=@TC_1048344&apos; did not match this scenario"/>
  </testcase>
  <testcase name="CRO simx plan change - Validate the functionality of X close CTA" classname="CRO simx plan change" time="0">
    <skipped message="&apos;cucumber.filter.tags=@TC_1048344&apos; did not match this scenario"/>
  </testcase>
  <testcase name="Choose This Plan CTA (Child Account - Root Subscription) - verify that a fully logged in child user get a full screen error when clicking on &quot;Choose this plan&quot; CTA" classname="Choose This Plan CTA (Child Account - Root Subscription)" time="0">
    <skipped message="&apos;cucumber.filter.tags=@TC_1048344&apos; did not match this scenario"/>
  </testcase>
  <testcase name="Choose a Recommended Plan CTA - choose a recommended plan" classname="Choose a Recommended Plan CTA" time="0">
    <skipped message="&apos;cucumber.filter.tags=@TC_1048344&apos; did not match this scenario"/>
  </testcase>
  <testcase name="Confirm This Change CTA Error Handling - verify user gets an error after clicking on confirm this change CTA when there&apos;s an API Failure" classname="Confirm This Change CTA Error Handling" time="0">
    <skipped message="&apos;cucumber.filter.tags=@TC_1048344&apos; did not match this scenario"/>
  </testcase>
  <testcase name="Click to upgrade confirmation screen - Check confirmation Screen appears after clicking confirm this change" classname="Click to upgrade confirmation screen" time="0">
    <skipped message="&apos;cucumber.filter.tags=@TC_1048344&apos; did not match this scenario"/>
  </testcase>
  <testcase name="Current plan card details - verify that te current plan card has the correct details" classname="Current plan card details" time="0">
    <skipped message="&apos;cucumber.filter.tags=@TC_1048344&apos; did not match this scenario"/>
  </testcase>
  <testcase name="New Plan Card - verify that the new plan card contains the correct details and features" classname="New Plan Card" time="0">
    <skipped message="&apos;cucumber.filter.tags=@TC_1048344&apos; did not match this scenario"/>
  </testcase>
  <testcase name="New Plan Card Free Subscriptions - Verify that the user can see the free subscriptions in the new plan card" classname="New Plan Card Free Subscriptions" time="0">
    <skipped message="&apos;cucumber.filter.tags=@TC_1048344&apos; did not match this scenario"/>
  </testcase>
  <testcase name="Change your plan page - Continue CTA - verify that the user redirected to the checkout modal when clicking on the Continue CTA" classname="Change your plan page - Continue CTA" time="0">
    <skipped message="&apos;cucumber.filter.tags=@TC_1048344&apos; did not match this scenario"/>
  </testcase>
  <testcase name="Change your plan - Continue CTA - Error handling - Verify there&apos;s an error message when there&apos;s an API failure" classname="Change your plan - Continue CTA - Error handling" time="0">
    <skipped message="&apos;cucumber.filter.tags=@TC_1048344&apos; did not match this scenario"/>
  </testcase>
  <testcase name="New Plan Payment Summary - verify that the new plan payment summary section contains the correct details" classname="New Plan Payment Summary" time="0">
    <skipped message="&apos;cucumber.filter.tags=@TC_1048344&apos; did not match this scenario"/>
  </testcase>
  <testcase name="C2U New plan Spend Manager - Verify the Title is Displayed Correctly and There&apos;s a Descriptive Text below" classname="C2U New plan Spend Manager" time="0">
    <skipped message="&apos;cucumber.filter.tags=@TC_1048344&apos; did not match this scenario"/>
  </testcase>
  <testcase name="C2U New plan Spend Manager - Verify The Price" classname="C2U New plan Spend Manager" time="0">
    <skipped message="&apos;cucumber.filter.tags=@TC_1048344&apos; did not match this scenario"/>
  </testcase>
  <testcase name="C2U New plan Spend Manager - Verify The Spend Limit" classname="C2U New plan Spend Manager" time="0">
    <skipped message="&apos;cucumber.filter.tags=@TC_1048344&apos; did not match this scenario"/>
  </testcase>
  <testcase name="New Plan Terms And Conditions - verify that new plan terms and conditions section has correct details" classname="New Plan Terms And Conditions" time="0">
    <skipped message="&apos;cucumber.filter.tags=@TC_1048344&apos; did not match this scenario"/>
  </testcase>
  <testcase name="Recommended &amp; New Plan Card Highlights - Verify that the recommended &amp; new plan card highlights displayed" classname="Recommended &amp; New Plan Card Highlights" time="0">
    <skipped message="&apos;cucumber.filter.tags=@TC_1048344&apos; did not match this scenario"/>
  </testcase>
  <testcase name="Recommended Plan Card See Plan Details - verify that the user redirected to see plan details webview" classname="Recommended Plan Card See Plan Details" time="0">
    <skipped message="&apos;cucumber.filter.tags=@TC_1048344&apos; did not match this scenario"/>
  </testcase>
  <testcase name="Recommended Plan Card - verify that the recommended Plan contains the correct details" classname="Recommended Plan Card" time="0">
    <skipped message="&apos;cucumber.filter.tags=@TC_1048344&apos; did not match this scenario"/>
  </testcase>
  <testcase name="Recommended Plan Card - Validate The functionality of Check Upgrade Eligibility in Error screen for not eligible upgrade for SIMO/FLEX upgrade" classname="Recommended Plan Card" time="0">
    <skipped message="&apos;cucumber.filter.tags=@TC_1048344&apos; did not match this scenario"/>
  </testcase>
  <testcase name="Recommended Plan Card - Validate The functionality of Back to Dashboard in Error screen for not eligible upgrade for SIMO/FLEX upgrade" classname="Recommended Plan Card" time="0">
    <skipped message="&apos;cucumber.filter.tags=@TC_1048344&apos; did not match this scenario"/>
  </testcase>
  <testcase name="Recommended Plan Card - Validate The functionality of X CTA in Error screen for not eligible upgrade for SIMO/FLEX upgrade" classname="Recommended Plan Card" time="0">
    <skipped message="&apos;cucumber.filter.tags=@TC_1048344&apos; did not match this scenario"/>
  </testcase>
  <testcase name="Recommended Plan Card - Validate for the price increase copies in the Recommended plans screen" classname="Recommended Plan Card" time="0">
    <skipped message="&apos;cucumber.filter.tags=@TC_1048344&apos; did not match this scenario"/>
  </testcase>
  <testcase name="Recommended plan card free subscriptions - verify that the user can see the free subscriptions in recommended plan card" classname="Recommended plan card free subscriptions" time="0">
    <skipped message="&apos;cucumber.filter.tags=@TC_1048344&apos; did not match this scenario"/>
  </testcase>
  <testcase name="See all plans on our website - see all recommended plans on the website" classname="See all plans on our website" time="0">
    <skipped message="&apos;cucumber.filter.tags=@TC_1048344&apos; did not match this scenario"/>
  </testcase>
  <testcase name="Show more plans and filters section - Check app behavior for each CTA in the filter - Examples - Example #1.1" classname="Show more plans and filters section - Check app behavior for each CTA in the filter - Examples" time="0">
    <skipped message="&apos;cucumber.filter.tags=@TC_1048344&apos; did not match this scenario"/>
  </testcase>
  <testcase name="Show more plans and filters section - Check app behavior for each CTA in the filter - Examples - Example #1.2" classname="Show more plans and filters section - Check app behavior for each CTA in the filter - Examples" time="0">
    <skipped message="&apos;cucumber.filter.tags=@TC_1048344&apos; did not match this scenario"/>
  </testcase>
  <testcase name="Show more plans and filters section - Check app behavior for each CTA in the filter - Examples - Example #1.3" classname="Show more plans and filters section - Check app behavior for each CTA in the filter - Examples" time="0">
    <skipped message="&apos;cucumber.filter.tags=@TC_1048344&apos; did not match this scenario"/>
  </testcase>
  <testcase name="Show more plans and filters section - Check app behavior for each CTA in the filter - Examples - Example #1.4" classname="Show more plans and filters section - Check app behavior for each CTA in the filter - Examples" time="0">
    <skipped message="&apos;cucumber.filter.tags=@TC_1048344&apos; did not match this scenario"/>
  </testcase>
  <testcase name="Show more plans and filters section - Check app behavior for each CTA in the filter - Examples - Example #1.5" classname="Show more plans and filters section - Check app behavior for each CTA in the filter - Examples" time="0">
    <skipped message="&apos;cucumber.filter.tags=@TC_1048344&apos; did not match this scenario"/>
  </testcase>
  <testcase name="Show more plans and filters section - Check app behavior for each CTA in the filter - Examples - Example #1.6" classname="Show more plans and filters section - Check app behavior for each CTA in the filter - Examples" time="0">
    <skipped message="&apos;cucumber.filter.tags=@TC_1048344&apos; did not match this scenario"/>
  </testcase>
  <testcase name="Show more plans and filters section - Check app behavior in case filtering using price filter - Examples - Example #1.1" classname="Show more plans and filters section - Check app behavior in case filtering using price filter - Examples" time="0">
    <skipped message="&apos;cucumber.filter.tags=@TC_1048344&apos; did not match this scenario"/>
  </testcase>
  <testcase name="Show more plans and filters section - Check filter counter and clear all CTA behavior - Examples - Example #1.1" classname="Show more plans and filters section - Check filter counter and clear all CTA behavior - Examples" time="0">
    <skipped message="&apos;cucumber.filter.tags=@TC_1048344&apos; did not match this scenario"/>
  </testcase>
  <testcase name="DVT Scenarios for Child User - Check that dashboard is displayed normally for child user" classname="DVT Scenarios for Child User" time="0">
    <skipped message="&apos;cucumber.filter.tags=@TC_1048344&apos; did not match this scenario"/>
  </testcase>
  <testcase name="DVT Scenarios for Child User - Check that very me section doesn&apos;t appear for child user" classname="DVT Scenarios for Child User" time="0">
    <skipped message="&apos;cucumber.filter.tags=@TC_1048344&apos; did not match this scenario"/>
  </testcase>
  <testcase name="DVT Scenarios for Child User - Check that child user can access latest bill" classname="DVT Scenarios for Child User" time="0">
    <skipped message="&apos;cucumber.filter.tags=@TC_1048344&apos; did not match this scenario"/>
  </testcase>
  <testcase name="DVT Scenarios for Child User - Check manage bars and extras for child user" classname="DVT Scenarios for Child User" time="0">
    <skipped message="&apos;cucumber.filter.tags=@TC_1048344&apos; did not match this scenario"/>
  </testcase>
  <testcase name="DVT Scenarios for Child User - Check data cap for child user" classname="DVT Scenarios for Child User" time="0">
    <skipped message="&apos;cucumber.filter.tags=@TC_1048344&apos; did not match this scenario"/>
  </testcase>
  <testcase name="DVT Scenarios for Child User - Check upgrade now for child user" classname="DVT Scenarios for Child User" time="0">
    <skipped message="&apos;cucumber.filter.tags=@TC_1048344&apos; did not match this scenario"/>
  </testcase>
  <testcase name="DVT Scenarios for Child User - Check view details in charges tab for child user" classname="DVT Scenarios for Child User" time="0">
    <skipped message="&apos;cucumber.filter.tags=@TC_1048344&apos; did not match this scenario"/>
  </testcase>
  <testcase name="DVT Scenarios for Child User - Check assistance links for child user" classname="DVT Scenarios for Child User" time="0">
    <skipped message="&apos;cucumber.filter.tags=@TC_1048344&apos; did not match this scenario"/>
  </testcase>
  <testcase name="DVT Scenarios for Child User - Check network links for child user" classname="DVT Scenarios for Child User" time="0">
    <skipped message="&apos;cucumber.filter.tags=@TC_1048344&apos; did not match this scenario"/>
  </testcase>
  <testcase name="DVT Scenarios for Child User - Check speed checker for child user" classname="DVT Scenarios for Child User" time="0">
    <skipped message="&apos;cucumber.filter.tags=@TC_1048344&apos; did not match this scenario"/>
  </testcase>
  <testcase name="DVT Scenarios for Child User - Check reset app for child user" classname="DVT Scenarios for Child User" time="0">
    <skipped message="&apos;cucumber.filter.tags=@TC_1048344&apos; did not match this scenario"/>
  </testcase>
  <testcase name="DVT Scenarios for Child User - Check privacy settings for child user" classname="DVT Scenarios for Child User" time="0">
    <skipped message="&apos;cucumber.filter.tags=@TC_1048344&apos; did not match this scenario"/>
  </testcase>
  <testcase name="DVT Scenarios for Child User - Check login options for child user" classname="DVT Scenarios for Child User" time="0">
    <skipped message="&apos;cucumber.filter.tags=@TC_1048344&apos; did not match this scenario"/>
  </testcase>
  <testcase name="DVT Scenarios for PAYM root - Validate Tiles Cards for PAYM root in soft login" classname="DVT Scenarios for PAYM root" time="0">
    <skipped message="&apos;cucumber.filter.tags=@TC_1048344&apos; did not match this scenario"/>
  </testcase>
  <testcase name="DVT Scenarios for PAYM root - Validate Discover offers and Very me is Displayed for PAYM root in soft login" classname="DVT Scenarios for PAYM root" time="0">
    <skipped message="&apos;cucumber.filter.tags=@TC_1048344&apos; did not match this scenario"/>
  </testcase>
  <testcase name="DVT Scenarios for PAYM root - Validate Privacy Settings Items for PAYM root in soft login" classname="DVT Scenarios for PAYM root" time="0">
    <skipped message="&apos;cucumber.filter.tags=@TC_1048344&apos; did not match this scenario"/>
  </testcase>
  <testcase name="DVT Scenarios for PAYM root - P1 - Check network section _Functional" classname="DVT Scenarios for PAYM root" time="0">
    <skipped message="&apos;cucumber.filter.tags=@TC_1048344&apos; did not match this scenario"/>
  </testcase>
  <testcase name="DVT Scenarios for PAYM root - Validate Account Settings Items for PAYM root in soft login" classname="DVT Scenarios for PAYM root" time="0">
    <skipped message="&apos;cucumber.filter.tags=@TC_1048344&apos; did not match this scenario"/>
  </testcase>
  <testcase name="DVT Scenarios for PAYM root - Validate App Settings Items for PAYM root in soft login" classname="DVT Scenarios for PAYM root" time="0">
    <skipped message="&apos;cucumber.filter.tags=@TC_1048344&apos; did not match this scenario"/>
  </testcase>
  <testcase name="DVT Scenarios for PAYM root - Validate My Account drawer is opened successfully" classname="DVT Scenarios for PAYM root" time="0">
    <skipped message="&apos;cucumber.filter.tags=@TC_1048344&apos; did not match this scenario"/>
  </testcase>
  <testcase name="DVT Scenarios for PAYM root - Validate order of assistance links for PAYM root in soft login" classname="DVT Scenarios for PAYM root" time="0">
    <skipped message="&apos;cucumber.filter.tags=@TC_1048344&apos; did not match this scenario"/>
  </testcase>
  <testcase name="DVT Scenarios for PAYM root - P1 - Check eshop links" classname="DVT Scenarios for PAYM root" time="0">
    <skipped message="&apos;cucumber.filter.tags=@TC_1048344&apos; did not match this scenario"/>
  </testcase>
  <testcase name="DVT Scenarios for PAYM root - Validate Connected Apps Titles for PAYM root in soft login" classname="DVT Scenarios for PAYM root" time="0">
    <skipped message="&apos;cucumber.filter.tags=@TC_1048344&apos; did not match this scenario"/>
  </testcase>
  <testcase name="DVT Scenarios for PAYM root - Validate Tray Items for PAYM root in soft login" classname="DVT Scenarios for PAYM root" time="0">
    <skipped message="&apos;cucumber.filter.tags=@TC_1048344&apos; did not match this scenario"/>
  </testcase>
  <testcase name="DVT Scenarios for PAYM root - Validate the First , Second Control Tiles Opens the right Tab" classname="DVT Scenarios for PAYM root" time="0">
    <skipped message="&apos;cucumber.filter.tags=@TC_1048344&apos; did not match this scenario"/>
  </testcase>
  <testcase name="DVT Scenarios for PAYM root - Check speed test results screen_functional" classname="DVT Scenarios for PAYM root" time="0">
    <skipped message="&apos;cucumber.filter.tags=@TC_1048344&apos; did not match this scenario"/>
  </testcase>
  <testcase name="DVT Scenarios for PAYM root - Validate Billing opens Successfully" classname="DVT Scenarios for PAYM root" time="0">
    <skipped message="&apos;cucumber.filter.tags=@TC_1048344&apos; did not match this scenario"/>
  </testcase>
  <testcase name="DVT Scenarios for PAYM root - Validate upgrade now is opened successfully" classname="DVT Scenarios for PAYM root" time="0">
    <skipped message="&apos;cucumber.filter.tags=@TC_1048344&apos; did not match this scenario"/>
  </testcase>
  <testcase name="DVT Scenarios for PAYM root - Validate manage and extras opens successfully" classname="DVT Scenarios for PAYM root" time="0">
    <skipped message="&apos;cucumber.filter.tags=@TC_1048344&apos; did not match this scenario"/>
  </testcase>
  <testcase name="DVT Scenarios for PAYG root - Validate Discover offers and Very me" classname="DVT Scenarios for PAYG root" time="0">
    <skipped message="&apos;cucumber.filter.tags=@TC_1048344&apos; did not match this scenario"/>
  </testcase>
  <testcase name="DVT Scenarios for PAYG root - Validate Tray Items" classname="DVT Scenarios for PAYG root" time="0">
    <skipped message="&apos;cucumber.filter.tags=@TC_1048344&apos; did not match this scenario"/>
  </testcase>
  <testcase name="DVT Scenarios for PAYG root - Check ACTIVATE_VOUCHER journey from topup" classname="DVT Scenarios for PAYG root" time="0">
    <skipped message="&apos;cucumber.filter.tags=@TC_1048344&apos; did not match this scenario"/>
  </testcase>
  <testcase name="DVT Scenarios for PAYG root - Check Plan and Usage tab" classname="DVT Scenarios for PAYG root" time="0">
    <skipped message="&apos;cucumber.filter.tags=@TC_1048344&apos; did not match this scenario"/>
  </testcase>
  <testcase name="DVT Scenarios for PAYG root - Check Bug a Big Value Bundle" classname="DVT Scenarios for PAYG root" time="0">
    <skipped message="&apos;cucumber.filter.tags=@TC_1048344&apos; did not match this scenario"/>
  </testcase>
  <testcase name="DVT Scenarios for PAYG root - Check Extra bars and caps card from extras" classname="DVT Scenarios for PAYG root" time="0">
    <skipped message="&apos;cucumber.filter.tags=@TC_1048344&apos; did not match this scenario"/>
  </testcase>
  <testcase name="DVT Scenarios for PAYG root - Check subscription overlay header" classname="DVT Scenarios for PAYG root" time="0">
    <skipped message="&apos;cucumber.filter.tags=@TC_1048344&apos; did not match this scenario"/>
  </testcase>
  <testcase name="DVT Scenarios for PAYG root - Validate Privacy Settings Items" classname="DVT Scenarios for PAYG root" time="0">
    <skipped message="&apos;cucumber.filter.tags=@TC_1048344&apos; did not match this scenario"/>
  </testcase>
  <testcase name="DVT Scenarios for PAYG root - Validate low credit card" classname="DVT Scenarios for PAYG root" time="0">
    <skipped message="&apos;cucumber.filter.tags=@TC_1048344&apos; did not match this scenario"/>
  </testcase>
  <testcase name="DVT Scenarios for PAYG root - Check speed test results screen" classname="DVT Scenarios for PAYG root" time="0">
    <skipped message="&apos;cucumber.filter.tags=@TC_1048344&apos; did not match this scenario"/>
  </testcase>
  <testcase name="DVT Scenarios for PAYG root - P1 - Check network section _Functional" classname="DVT Scenarios for PAYG root" time="0">
    <skipped message="&apos;cucumber.filter.tags=@TC_1048344&apos; did not match this scenario"/>
  </testcase>
  <testcase name="DVT Scenarios for PAYG root - Validate Connnected Apps Titles" classname="DVT Scenarios for PAYG root" time="0">
    <skipped message="&apos;cucumber.filter.tags=@TC_1048344&apos; did not match this scenario"/>
  </testcase>
  <testcase name="DVT Scenarios for PAYG root - P1 - Check eshop links" classname="DVT Scenarios for PAYG root" time="0">
    <skipped message="&apos;cucumber.filter.tags=@TC_1048344&apos; did not match this scenario"/>
  </testcase>
  <testcase name="DVT Scenarios for PAYG root - P1 - Check assistance links" classname="DVT Scenarios for PAYG root" time="0">
    <skipped message="&apos;cucumber.filter.tags=@TC_1048344&apos; did not match this scenario"/>
  </testcase>
  <testcase name="CRO Biometric Prompt feature - Validate Full Login with Biometric prompt" classname="CRO Biometric Prompt feature" time="0">
    <skipped message="&apos;cucumber.filter.tags=@TC_1048344&apos; did not match this scenario"/>
  </testcase>
  <testcase name="CRO Biometric Prompt feature - Validate UFL with biometric prompt" classname="CRO Biometric Prompt feature" time="0">
    <skipped message="&apos;cucumber.filter.tags=@TC_1048344&apos; did not match this scenario"/>
  </testcase>
  <testcase name="CRO Biometric Prompt feature - Validate soft login then use account as entry point" classname="CRO Biometric Prompt feature" time="0">
    <skipped message="&apos;cucumber.filter.tags=@TC_1048344&apos; did not match this scenario"/>
  </testcase>
  <testcase name="DX IDM Full Login feature - TC 519809:02_P1_Check the UI after password is entered incorrectly more than 5 times during DX IDM Login and error message appears_UI" classname="DX IDM Full Login feature" time="0">
    <skipped message="&apos;cucumber.filter.tags=@TC_1048344&apos; did not match this scenario"/>
  </testcase>
  <testcase name="DX IDM Full Login feature - Test Case 519810: 4333797.03_P2_Check reset password link journey in account locked message for softlogged in PAYM user_Functional" classname="DX IDM Full Login feature" time="0">
    <skipped message="&apos;cucumber.filter.tags=@TC_1048344&apos; did not match this scenario"/>
  </testcase>
  <testcase name="DX IDM Full Login feature - Check app behavior when click on &quot;Close&quot; CTA in the &quot;locked account&quot; pop up screen" classname="DX IDM Full Login feature" time="0">
    <skipped message="&apos;cucumber.filter.tags=@TC_1048344&apos; did not match this scenario"/>
  </testcase>
  <testcase name="DX IDM Full Login feature - Check app behavior when click on &quot;Reset Password&quot; CTA in the &quot;locked account&quot; pop up screen" classname="DX IDM Full Login feature" time="0">
    <skipped message="&apos;cucumber.filter.tags=@TC_1048344&apos; did not match this scenario"/>
  </testcase>
  <testcase name="DX IDM Full Login feature - Test Case 519672: 310590.01_P1_Check &quot;Forgotten username&quot; Link behavior for softlogged PayM Simple User on the &quot;Enter user name&quot; Screen_FUNC" classname="DX IDM Full Login feature" time="0">
    <skipped message="&apos;cucumber.filter.tags=@TC_1048344&apos; did not match this scenario"/>
  </testcase>
  <testcase name="DX IDM Full Login feature - Test Case 519673: 310590.02_P1_Check &quot;Forgotten username&quot; Link behavior for softlogged PayM Complex User on the &quot;Enter user name&quot; Screen_FUNC" classname="DX IDM Full Login feature" time="0">
    <skipped message="&apos;cucumber.filter.tags=@TC_1048344&apos; did not match this scenario"/>
  </testcase>
  <testcase name="DX IDM Full Login feature - Test Case 519690: 310590.07_P1_Check the behavior for using a Forgotten username Deep link when using a PayM softlogged user_FUNC" classname="DX IDM Full Login feature" time="0">
    <skipped message="&apos;cucumber.filter.tags=@TC_1048344&apos; did not match this scenario"/>
  </testcase>
  <testcase name="DX IDM Full Login feature - Validate Full Login with username and password" classname="DX IDM Full Login feature" time="0">
    <skipped message="&apos;cucumber.filter.tags=@TC_1048344&apos; did not match this scenario"/>
  </testcase>
  <testcase name="DX IDM Full Login feature - Validate Full Login with PIN" classname="DX IDM Full Login feature" time="0">
    <skipped message="&apos;cucumber.filter.tags=@TC_1048344&apos; did not match this scenario"/>
  </testcase>
  <testcase name="DX IDM Full Login feature - Validate Full Login with Biometric" classname="DX IDM Full Login feature" time="0">
    <skipped message="&apos;cucumber.filter.tags=@TC_1048344&apos; did not match this scenario"/>
  </testcase>
  <testcase name="DX IDM Full Login feature - Validate Password Appear After Press Show Password" classname="DX IDM Full Login feature" time="0">
    <skipped message="&apos;cucumber.filter.tags=@TC_1048344&apos; did not match this scenario"/>
  </testcase>
  <testcase name="DX IDM Full Login feature - Validate Password Is Hidden" classname="DX IDM Full Login feature" time="0">
    <skipped message="&apos;cucumber.filter.tags=@TC_1048344&apos; did not match this scenario"/>
  </testcase>
  <testcase name="DX IDM Full Login feature - Validate Physical Back Button not working on Enter your Username screen" classname="DX IDM Full Login feature" time="0">
    <skipped message="&apos;cucumber.filter.tags=@TC_1048344&apos; did not match this scenario"/>
  </testcase>
  <testcase name="DX IDM Full Login feature - Validate Physical Back Button not working on Enter your Password screen" classname="DX IDM Full Login feature" time="0">
    <skipped message="&apos;cucumber.filter.tags=@TC_1048344&apos; did not match this scenario"/>
  </testcase>
  <testcase name="DX IDM Full Login feature - Validate Physical Back Button not working on Login preference screen" classname="DX IDM Full Login feature" time="0">
    <skipped message="&apos;cucumber.filter.tags=@TC_1048344&apos; did not match this scenario"/>
  </testcase>
  <testcase name="DX IDM Full Login feature - Check prepopulation of Username field" classname="DX IDM Full Login feature" time="0">
    <skipped message="&apos;cucumber.filter.tags=@TC_1048344&apos; did not match this scenario"/>
  </testcase>
  <testcase name="DX IDM Full Login feature - Full login" classname="DX IDM Full Login feature" time="0">
    <skipped message="&apos;cucumber.filter.tags=@TC_1048344&apos; did not match this scenario"/>
  </testcase>
  <testcase name="DX IDM change pin feature - Validate Change pin option is displayed" classname="DX IDM change pin feature" time="0">
    <skipped message="&apos;cucumber.filter.tags=@TC_1048344&apos; did not match this scenario"/>
  </testcase>
  <testcase name="DX IDM change pin feature - Validate change pin link functionality" classname="DX IDM change pin feature" time="0">
    <skipped message="&apos;cucumber.filter.tags=@TC_1048344&apos; did not match this scenario"/>
  </testcase>
  <testcase name="DX IDM change pin feature - Validate Enter pin functionality" classname="DX IDM change pin feature" time="0">
    <skipped message="&apos;cucumber.filter.tags=@TC_1048344&apos; did not match this scenario"/>
  </testcase>
  <testcase name="DX IDM change pin feature - Validate Re-Enter pin functionality" classname="DX IDM change pin feature" time="0">
    <skipped message="&apos;cucumber.filter.tags=@TC_1048344&apos; did not match this scenario"/>
  </testcase>
  <testcase name="DX IDM change pin feature - Validate pin successfully updated" classname="DX IDM change pin feature" time="0">
    <skipped message="&apos;cucumber.filter.tags=@TC_1048344&apos; did not match this scenario"/>
  </testcase>
  <testcase name="DX IDM change pin feature - 485354 - Validate change pin when user set preference as PIN" classname="DX IDM change pin feature" time="0">
    <skipped message="&apos;cucumber.filter.tags=@TC_1048344&apos; did not match this scenario"/>
  </testcase>
  <testcase name="DX IDM change pin feature - 485523 - Verify User can login successfully with the new pin after pin change" classname="DX IDM change pin feature" time="0">
    <skipped message="&apos;cucumber.filter.tags=@TC_1048344&apos; did not match this scenario"/>
  </testcase>
  <testcase name="DX IDM change pin feature - 485390 - Validate change pin when user set preference as username/password when hardClose the app" classname="DX IDM change pin feature" time="0">
    <skipped message="&apos;cucumber.filter.tags=@TC_1048344&apos; did not match this scenario"/>
  </testcase>
  <testcase name="DX IDM change pin feature - 486368 - Validate change pin when user set preference as username/password" classname="DX IDM change pin feature" time="0">
    <skipped message="&apos;cucumber.filter.tags=@TC_1048344&apos; did not match this scenario"/>
  </testcase>
  <testcase name="DX IDM change pin feature - 485525 - Validate X icon on change pin screen" classname="DX IDM change pin feature" time="0">
    <skipped message="&apos;cucumber.filter.tags=@TC_1048344&apos; did not match this scenario"/>
  </testcase>
  <testcase name="Forgotten PIN - Test Case 631464: 425167.01_P1_check full flow of reset PIN Journey for soft logged in PayM user with PIN login preference_Functional" classname="Forgotten PIN" time="0">
    <skipped message="&apos;cucumber.filter.tags=@TC_1048344&apos; did not match this scenario"/>
  </testcase>
  <testcase name="Forgotten PIN - Test Case 631465: 425167.04_P1_check behavior when re-entering a Pin that does not match the Pin entered in &quot;Enter new PIN&quot; screen for soft logged in PayM user with Pin login preferences_Functional" classname="Forgotten PIN" time="0">
    <skipped message="&apos;cucumber.filter.tags=@TC_1048344&apos; did not match this scenario"/>
  </testcase>
  <testcase name="Forgotten PIN - check full flow of reset PIN Journey for soft logged in PayM" classname="Forgotten PIN" time="0">
    <skipped message="&apos;cucumber.filter.tags=@TC_1048344&apos; did not match this scenario"/>
  </testcase>
  <testcase name="DX IDM I am MVA user and logged in using full login with PIN - Validate &quot;Continue&quot; CTA after Full login using inValid PIN" classname="DX IDM I am MVA user and logged in using full login with PIN" time="0">
    <skipped message="&apos;cucumber.filter.tags=@TC_1048344&apos; did not match this scenario"/>
  </testcase>
  <testcase name="DX IDM I am MVA user and logged in using full login with PIN - Validate &quot;Continue&quot; CTA after Full login using Valid PIN" classname="DX IDM I am MVA user and logged in using full login with PIN" time="0">
    <skipped message="&apos;cucumber.filter.tags=@TC_1048344&apos; did not match this scenario"/>
  </testcase>
  <testcase name="DX IDM I am MVA user and logged in using full login with PIN - Validate app behavior when try to enter multiple wrong pin" classname="DX IDM I am MVA user and logged in using full login with PIN" time="0">
    <skipped message="&apos;cucumber.filter.tags=@TC_1048344&apos; did not match this scenario"/>
  </testcase>
  <testcase name="DX IDM Full Login With Phone number feature - Validate Full Login with phone number and password with account has single contact" classname="DX IDM Full Login With Phone number feature" time="0">
    <skipped message="&apos;cucumber.filter.tags=@TC_1048344&apos; did not match this scenario"/>
  </testcase>
  <testcase name="DX IDM Full Login With Phone number feature - Validate Full Login with phone number and password with account has multiple contacts with different DOB" classname="DX IDM Full Login With Phone number feature" time="0">
    <skipped message="&apos;cucumber.filter.tags=@TC_1048344&apos; did not match this scenario"/>
  </testcase>
  <testcase name="DX IDM Full Login With Phone number feature - Validate Full Login with phone number and password with account has multiple contacts with same DOB" classname="DX IDM Full Login With Phone number feature" time="0">
    <skipped message="&apos;cucumber.filter.tags=@TC_1048344&apos; did not match this scenario"/>
  </testcase>
  <testcase name="DX IDM Full Login With Phone number feature - Validate Full Login with invalid phone number or password with account has single contact" classname="DX IDM Full Login With Phone number feature" time="0">
    <skipped message="&apos;cucumber.filter.tags=@TC_1048344&apos; did not match this scenario"/>
  </testcase>
  <testcase name="DX IDM Full Login With Phone number feature - Validate DOB error massage when a contact entered invalid DOB during login flow" classname="DX IDM Full Login With Phone number feature" time="0">
    <skipped message="&apos;cucumber.filter.tags=@TC_1048344&apos; did not match this scenario"/>
  </testcase>
  <testcase name="DX IDM Full Login With Phone number feature - Validate first and last name error massage when a contact entered invalid first or last name during login flow" classname="DX IDM Full Login With Phone number feature" time="0">
    <skipped message="&apos;cucumber.filter.tags=@TC_1048344&apos; did not match this scenario"/>
  </testcase>
  <testcase name="Handling New Cookies Behavior For SSO - Check app behavior when user open any DXIDM webview for the first Time  when open app with soft login" classname="Handling New Cookies Behavior For SSO" time="0">
    <skipped message="&apos;cucumber.filter.tags=@TC_1048344&apos; did not match this scenario"/>
  </testcase>
  <testcase name="Handling New Cookies Behavior For SSO - Check app behavior after user accepting the Cookie permission for the first time then open the webview again or any other different webview when open app with soft login" classname="Handling New Cookies Behavior For SSO" time="0">
    <skipped message="&apos;cucumber.filter.tags=@TC_1048344&apos; did not match this scenario"/>
  </testcase>
  <testcase name="Handling New Cookies Behavior For SSO - Check app behavior after user accepting the Cookie permission for the first time then Hard Close the app and open the webview again or any other different webview when open app with soft login" classname="Handling New Cookies Behavior For SSO" time="0">
    <skipped message="&apos;cucumber.filter.tags=@TC_1048344&apos; did not match this scenario"/>
  </testcase>
  <testcase name="Handling New Cookies Behavior For SSO - Check app behavior when user open any DXIDM webview after accepting it before when open app with UFL Fun" classname="Handling New Cookies Behavior For SSO" time="0">
    <skipped message="&apos;cucumber.filter.tags=@TC_1048344&apos; did not match this scenario"/>
  </testcase>
  <testcase name="DX IDM other users welcome flow feature - 252540_02_P3_Verify the App behaviour when launch the App as a new Voxi user on 4G_UI" classname="DX IDM other users welcome flow feature" time="0">
    <skipped message="&apos;cucumber.filter.tags=@TC_1048344&apos; did not match this scenario"/>
  </testcase>
  <testcase name="DX IDM other users welcome flow feature - 252540_04_P2_Check Target of &quot;Return to my Vodafone&quot; CTA on &quot;Hello,Friend&quot; Overlay_Functional" classname="DX IDM other users welcome flow feature" time="0">
    <skipped message="&apos;cucumber.filter.tags=@TC_1048344&apos; did not match this scenario"/>
  </testcase>
  <testcase name="DX IDM other users welcome flow feature - Test Case 506745: 309986.01_P1_Check app behavior when a Partner managed user on 4G Connection access the app_Functional" classname="DX IDM other users welcome flow feature" time="0">
    <skipped message="&apos;cucumber.filter.tags=@TC_1048344&apos; did not match this scenario"/>
  </testcase>
  <testcase name="DX IDM other users welcome flow feature - Test Case 506748: 309986.04_P1_Check the app behavior of &quot;X&quot; icon in &quot;Hello, friend&quot; screen_Functional" classname="DX IDM other users welcome flow feature" time="0">
    <skipped message="&apos;cucumber.filter.tags=@TC_1048344&apos; did not match this scenario"/>
  </testcase>
  <testcase name="DX IDM other users welcome flow feature - Test Case 506753: 309986.09_P1_Check Tobi behavior in the acquisition dashboard_Functional" classname="DX IDM other users welcome flow feature" time="0">
    <skipped message="&apos;cucumber.filter.tags=@TC_1048344&apos; did not match this scenario"/>
  </testcase>
  <testcase name="DX IDM other users welcome flow feature - 252540_11_P1_Check &quot;Settings&quot; Target from the acquisition dashboard_Functional" classname="DX IDM other users welcome flow feature" time="0">
    <skipped message="&apos;cucumber.filter.tags=@TC_1048344&apos; did not match this scenario"/>
  </testcase>
  <testcase name="DX IDM other users welcome flow feature - 276979_05.check app behaviour when user click on Setting CTA from Acquisition Dashboard Tray" classname="DX IDM other users welcome flow feature" time="0">
    <skipped message="&apos;cucumber.filter.tags=@TC_1048344&apos; did not match this scenario"/>
  </testcase>
  <testcase name="DX IDM other users welcome flow feature - 252540_12_P1_Check &quot;My Account&quot; Target from the acquisition dashboard_Functional" classname="DX IDM other users welcome flow feature" time="0">
    <skipped message="&apos;cucumber.filter.tags=@TC_1048344&apos; did not match this scenario"/>
  </testcase>
  <testcase name="DX IDM other users welcome flow feature - 252540_06_P2_Check the app behavior when hard close the app in &quot;Hello, friend&quot; screen and relaunch it again_Functional" classname="DX IDM other users welcome flow feature" time="0">
    <skipped message="&apos;cucumber.filter.tags=@TC_1048344&apos; did not match this scenario"/>
  </testcase>
  <testcase name="DX IDM other users welcome flow feature - 252540_07_P2_Check the app behavior when hard close the app in Acquistion dashboard screen and relaunch it again_Functional" classname="DX IDM other users welcome flow feature" time="0">
    <skipped message="&apos;cucumber.filter.tags=@TC_1048344&apos; did not match this scenario"/>
  </testcase>
  <testcase name="DX IDM other users welcome flow feature - Test Case 519692: 310590.08_P1_Check the behavior for using a Forgotten username Deep link when using unknown user on WiFi_FUNC" classname="DX IDM other users welcome flow feature" time="0">
    <skipped message="&apos;cucumber.filter.tags=@TC_1048344&apos; did not match this scenario"/>
  </testcase>
  <testcase name="DX IDM other users welcome flow feature - Check Hello, friend Screen Content With Unknown User On Wifi Connection" classname="DX IDM other users welcome flow feature" time="0">
    <skipped message="&apos;cucumber.filter.tags=@TC_1048344&apos; did not match this scenario"/>
  </testcase>
  <testcase name="DX IDM other users welcome flow feature - Check Target of Return to my vodafone CTA With Unknown User On Wifi Connection" classname="DX IDM other users welcome flow feature" time="0">
    <skipped message="&apos;cucumber.filter.tags=@TC_1048344&apos; did not match this scenario"/>
  </testcase>
  <testcase name="DX IDM other users welcome flow feature - Check App Behavior After HardClose in Hello Friend Screen" classname="DX IDM other users welcome flow feature" time="0">
    <skipped message="&apos;cucumber.filter.tags=@TC_1048344&apos; did not match this scenario"/>
  </testcase>
  <testcase name="SSO journeys to eCare for Subscriptions switching - SSo Subscriptions Switching &quot;SMP MPS&quot; Over WIFI" classname="SSO journeys to eCare for Subscriptions switching" time="0">
    <skipped message="&apos;cucumber.filter.tags=@TC_1048344&apos; did not match this scenario"/>
  </testcase>
  <testcase name="SSO journeys to eCare for Subscriptions switching - SSo Subscriptions Switching &quot;Consumer MPS&quot; Over WIFI" classname="SSO journeys to eCare for Subscriptions switching" time="0">
    <skipped message="&apos;cucumber.filter.tags=@TC_1048344&apos; did not match this scenario"/>
  </testcase>
  <testcase name="SSO journeys to eCare for Subscriptions switching - SSo Subscriptions Switching &quot;SMB MBB&quot; Over 3G" classname="SSO journeys to eCare for Subscriptions switching" time="0">
    <skipped message="&apos;cucumber.filter.tags=@TC_1048344&apos; did not match this scenario"/>
  </testcase>
  <testcase name="SSO journeys to eCare for Subscriptions switching - SSo Subscriptions Switching &quot;SoleTrader MBB&quot; Over 3G" classname="SSO journeys to eCare for Subscriptions switching" time="0">
    <skipped message="&apos;cucumber.filter.tags=@TC_1048344&apos; did not match this scenario"/>
  </testcase>
  <testcase name="SSO journeys to eCare for Subscriptions switching - SSo Subscriptions Switching &quot;FLN&quot; Over WIFI" classname="SSO journeys to eCare for Subscriptions switching" time="0">
    <skipped message="&apos;cucumber.filter.tags=@TC_1048344&apos; did not match this scenario"/>
  </testcase>
  <testcase name="SSO journeys to eCare for Subscriptions switching - SSo Subscriptions Switching &quot;HBB&quot; Over WIFI" classname="SSO journeys to eCare for Subscriptions switching" time="0">
    <skipped message="&apos;cucumber.filter.tags=@TC_1048344&apos; did not match this scenario"/>
  </testcase>
  <testcase name="DX IDM Soft Login feature - Check back icon on &quot;Verify your account&quot; screen" classname="DX IDM Soft Login feature" time="0">
    <skipped message="&apos;cucumber.filter.tags=@TC_1048344&apos; did not match this scenario"/>
  </testcase>
  <testcase name="DX IDM Soft Login feature - Check back icon on &quot;Reset your password&quot; screen" classname="DX IDM Soft Login feature" time="0">
    <skipped message="&apos;cucumber.filter.tags=@TC_1048344&apos; did not match this scenario"/>
  </testcase>
  <testcase name="DX IDM Soft Login feature - Check opening the app by clicking the app icon after softclose" classname="DX IDM Soft Login feature" time="0">
    <skipped message="&apos;cucumber.filter.tags=@TC_1048344&apos; did not match this scenario"/>
  </testcase>
  <testcase name="DX IDM Soft Login feature - Validate Dashboard appears after Soft Login" classname="DX IDM Soft Login feature" time="0">
    <skipped message="&apos;cucumber.filter.tags=@TC_1048344&apos; did not match this scenario"/>
  </testcase>
  <testcase name="DX IDM UFL flow feature - Validate Username Screen Content" classname="DX IDM UFL flow feature" time="0">
    <skipped message="&apos;cucumber.filter.tags=@TC_1048344&apos; did not match this scenario"/>
  </testcase>
  <testcase name="DX IDM UFL flow feature - Check App behavior After Softclose In Username Screen" classname="DX IDM UFL flow feature" time="0">
    <skipped message="&apos;cucumber.filter.tags=@TC_1048344&apos; did not match this scenario"/>
  </testcase>
  <testcase name="DX IDM UFL flow feature - Check Behavior of X Button In Username Screen" classname="DX IDM UFL flow feature" time="0">
    <skipped message="&apos;cucumber.filter.tags=@TC_1048344&apos; did not match this scenario"/>
  </testcase>
  <testcase name="DX IDM UFL flow feature - Validate Password Screen Content" classname="DX IDM UFL flow feature" time="0">
    <skipped message="&apos;cucumber.filter.tags=@TC_1048344&apos; did not match this scenario"/>
  </testcase>
  <testcase name="DX IDM UFL flow feature - Check App Behavior After Softclose In Password Screen" classname="DX IDM UFL flow feature" time="0">
    <skipped message="&apos;cucumber.filter.tags=@TC_1048344&apos; did not match this scenario"/>
  </testcase>
  <testcase name="DX IDM UFL flow feature - Check Behavior of X Button In Password Screen" classname="DX IDM UFL flow feature" time="0">
    <skipped message="&apos;cucumber.filter.tags=@TC_1048344&apos; did not match this scenario"/>
  </testcase>
  <testcase name="DX IDM UFL flow feature - Validate Request Security Code Screen Content" classname="DX IDM UFL flow feature" time="0">
    <skipped message="&apos;cucumber.filter.tags=@TC_1048344&apos; did not match this scenario"/>
  </testcase>
  <testcase name="DX IDM UFL flow feature - Check Chat To Us Functionality In Request Security Code screen" classname="DX IDM UFL flow feature" time="0">
    <skipped message="&apos;cucumber.filter.tags=@TC_1048344&apos; did not match this scenario"/>
  </testcase>
  <testcase name="DX IDM UFL flow feature - Validate Enter Security Code Screen Content" classname="DX IDM UFL flow feature" time="0">
    <skipped message="&apos;cucumber.filter.tags=@TC_1048344&apos; did not match this scenario"/>
  </testcase>
  <testcase name="DX IDM UFL flow feature - Check Physical Back Button In Enter Security Code Screen" classname="DX IDM UFL flow feature" time="0">
    <skipped message="&apos;cucumber.filter.tags=@TC_1048344&apos; did not match this scenario"/>
  </testcase>
  <testcase name="DX IDM UFL flow feature - Validate Choose Account Screen Content" classname="DX IDM UFL flow feature" time="0">
    <skipped message="&apos;cucumber.filter.tags=@TC_1048344&apos; did not match this scenario"/>
  </testcase>
  <testcase name="DX IDM UFL flow feature - Check Behavior of X Button In Choose Account Screen" classname="DX IDM UFL flow feature" time="0">
    <skipped message="&apos;cucumber.filter.tags=@TC_1048344&apos; did not match this scenario"/>
  </testcase>
  <testcase name="DX IDM UFL flow feature - Validate Choose Plan Screen Content" classname="DX IDM UFL flow feature" time="0">
    <skipped message="&apos;cucumber.filter.tags=@TC_1048344&apos; did not match this scenario"/>
  </testcase>
  <testcase name="DX IDM UFL flow feature - Check Behavior of X Button In Choose Plan Screen" classname="DX IDM UFL flow feature" time="0">
    <skipped message="&apos;cucumber.filter.tags=@TC_1048344&apos; did not match this scenario"/>
  </testcase>
  <testcase name="DX IDM UFL flow feature - Validate Login Preferences Screen Content" classname="DX IDM UFL flow feature" time="0">
    <skipped message="&apos;cucumber.filter.tags=@TC_1048344&apos; did not match this scenario"/>
  </testcase>
  <testcase name="DX IDM UFL flow feature - Check App Behavior After SoftClose in Login Preference screen" classname="DX IDM UFL flow feature" time="0">
    <skipped message="&apos;cucumber.filter.tags=@TC_1048344&apos; did not match this scenario"/>
  </testcase>
  <testcase name="DX IDM UFL flow feature - Check App Behavior After HardClose in Login Preference screen" classname="DX IDM UFL flow feature" time="0">
    <skipped message="&apos;cucumber.filter.tags=@TC_1048344&apos; did not match this scenario"/>
  </testcase>
  <testcase name="DX IDM UFL flow feature - Select Login Preferences As PIN" classname="DX IDM UFL flow feature" time="0">
    <skipped message="&apos;cucumber.filter.tags=@TC_1048344&apos; did not match this scenario"/>
  </testcase>
  <testcase name="DX IDM UFL flow feature - Select Login Preferences As Username and Password" classname="DX IDM UFL flow feature" time="0">
    <skipped message="&apos;cucumber.filter.tags=@TC_1048344&apos; did not match this scenario"/>
  </testcase>
  <testcase name="DX IDM UFL flow feature - Validate Physical Back Button not working on Enter your Username screen" classname="DX IDM UFL flow feature" time="0">
    <skipped message="&apos;cucumber.filter.tags=@TC_1048344&apos; did not match this scenario"/>
  </testcase>
  <testcase name="DX IDM UFL flow feature - Validate Physical Back Button not working on Enter your Password screen" classname="DX IDM UFL flow feature" time="0">
    <skipped message="&apos;cucumber.filter.tags=@TC_1048344&apos; did not match this scenario"/>
  </testcase>
  <testcase name="DX IDM UFL flow feature - Validate Physical Back Button not working on Requested security code screen" classname="DX IDM UFL flow feature" time="0">
    <skipped message="&apos;cucumber.filter.tags=@TC_1048344&apos; did not match this scenario"/>
  </testcase>
  <testcase name="DX IDM UFL flow feature - Validate Physical Back Button not working on Enter security code screen" classname="DX IDM UFL flow feature" time="0">
    <skipped message="&apos;cucumber.filter.tags=@TC_1048344&apos; did not match this scenario"/>
  </testcase>
  <testcase name="DX IDM UFL flow feature - Validate Physical Back Button not working on Choose account  screen" classname="DX IDM UFL flow feature" time="0">
    <skipped message="&apos;cucumber.filter.tags=@TC_1048344&apos; did not match this scenario"/>
  </testcase>
  <testcase name="DX IDM UFL flow feature - Validate Physical Back Button not working on Choose plan screen" classname="DX IDM UFL flow feature" time="0">
    <skipped message="&apos;cucumber.filter.tags=@TC_1048344&apos; did not match this scenario"/>
  </testcase>
  <testcase name="DX IDM UFL flow feature - Validate Physical Back Button not working on Login preference screen" classname="DX IDM UFL flow feature" time="0">
    <skipped message="&apos;cucumber.filter.tags=@TC_1048344&apos; did not match this scenario"/>
  </testcase>
  <testcase name="DX IDM UFL flow feature - Validate Physical Back Button not working on forgotten username screen" classname="DX IDM UFL flow feature" time="0">
    <skipped message="&apos;cucumber.filter.tags=@TC_1048344&apos; did not match this scenario"/>
  </testcase>
  <testcase name="DX IDM UFL flow feature - Validate Physical Back Button not working on forgotten Password screen" classname="DX IDM UFL flow feature" time="0">
    <skipped message="&apos;cucumber.filter.tags=@TC_1048344&apos; did not match this scenario"/>
  </testcase>
  <testcase name="DX IDM UFL flow feature - Validate app opens External webview after click on forgotten username" classname="DX IDM UFL flow feature" time="0">
    <skipped message="&apos;cucumber.filter.tags=@TC_1048344&apos; did not match this scenario"/>
  </testcase>
  <testcase name="DX IDM UFL flow feature - Check UFL flow for user has one account with many subscriptions" classname="DX IDM UFL flow feature" time="0">
    <skipped message="&apos;cucumber.filter.tags=@TC_1048344&apos; did not match this scenario"/>
  </testcase>
  <testcase name="DX IDM UFL flow feature - Check Account Subscription journey for a User with multiple accounts with multiple users" classname="DX IDM UFL flow feature" time="0">
    <skipped message="&apos;cucumber.filter.tags=@TC_1048344&apos; did not match this scenario"/>
  </testcase>
  <testcase name="DX IDM UFL flow feature - Check prepopulation of Username field" classname="DX IDM UFL flow feature" time="0">
    <skipped message="&apos;cucumber.filter.tags=@TC_1048344&apos; did not match this scenario"/>
  </testcase>
  <testcase name="DX IDM UFL flow feature - UFL" classname="DX IDM UFL flow feature" time="0">
    <skipped message="&apos;cucumber.filter.tags=@TC_1048344&apos; did not match this scenario"/>
  </testcase>
  <testcase name="DX IDM UFL flow feature - Validate UFL Login with phone number and password with account has single contact" classname="DX IDM UFL flow feature" time="0">
    <skipped message="&apos;cucumber.filter.tags=@TC_1048344&apos; did not match this scenario"/>
  </testcase>
  <testcase name="DX IDM UFL flow feature - Validate UFL Login with phone number and password with account has multiple contacts with different DOB" classname="DX IDM UFL flow feature" time="0">
    <skipped message="&apos;cucumber.filter.tags=@TC_1048344&apos; did not match this scenario"/>
  </testcase>
  <testcase name="DX IDM UFL flow feature - Validate UFL Login with phone number and password with account has multiple contacts with same DOB" classname="DX IDM UFL flow feature" time="0">
    <skipped message="&apos;cucumber.filter.tags=@TC_1048344&apos; did not match this scenario"/>
  </testcase>
  <testcase name="Normal DX IDM welcome flow feature - Validate Welcome screen content" classname="Normal DX IDM welcome flow feature" time="0">
    <skipped message="&apos;cucumber.filter.tags=@TC_1048344&apos; did not match this scenario"/>
  </testcase>
  <testcase name="Normal DX IDM welcome flow feature - Validate Privacy screen content and functionality" classname="Normal DX IDM welcome flow feature" time="0">
    <skipped message="&apos;cucumber.filter.tags=@TC_1048344&apos; did not match this scenario"/>
  </testcase>
  <testcase name="Normal DX IDM welcome flow feature - Validate Permission screen content" classname="Normal DX IDM welcome flow feature" time="0">
    <skipped message="&apos;cucumber.filter.tags=@TC_1048344&apos; did not match this scenario"/>
  </testcase>
  <testcase name="Normal DX IDM welcome flow feature - Validate Usage Access popup content" classname="Normal DX IDM welcome flow feature" time="0">
    <skipped message="&apos;cucumber.filter.tags=@TC_1048344&apos; did not match this scenario"/>
  </testcase>
  <testcase name="Normal DX IDM welcome flow feature - Validate Login screen content" classname="Normal DX IDM welcome flow feature" time="0">
    <skipped message="&apos;cucumber.filter.tags=@TC_1048344&apos; did not match this scenario"/>
  </testcase>
  <testcase name="First Time Users&apos; Welcome Flow - One Trust Feature - Validate the &apos;Welcome&apos; screen" classname="First Time Users&apos; Welcome Flow - One Trust Feature" time="0">
    <skipped message="&apos;cucumber.filter.tags=@TC_1048344&apos; did not match this scenario"/>
  </testcase>
  <testcase name="First Time Users&apos; Welcome Flow - One Trust Feature - Validate the &apos;Before you get started&apos; screen" classname="First Time Users&apos; Welcome Flow - One Trust Feature" time="0">
    <skipped message="&apos;cucumber.filter.tags=@TC_1048344&apos; did not match this scenario"/>
  </testcase>
  <testcase name="First Time Users&apos; Welcome Flow - One Trust Feature - Check when user tries to click on &apos;Continue&apos; CTA without agreeing to &apos;Ts&amp;Cs&apos; in &apos;Before You Get Started&apos; screen" classname="First Time Users&apos; Welcome Flow - One Trust Feature" time="0">
    <skipped message="&apos;cucumber.filter.tags=@TC_1048344&apos; did not match this scenario"/>
  </testcase>
  <testcase name="First Time Users&apos; Welcome Flow - One Trust Feature - Check app behavior when I click on the &apos;back&apos; CTA in &apos;Before you get started&apos; screen" classname="First Time Users&apos; Welcome Flow - One Trust Feature" time="0">
    <skipped message="&apos;cucumber.filter.tags=@TC_1048344&apos; did not match this scenario"/>
  </testcase>
  <testcase name="First Time Users&apos; Welcome Flow - One Trust Feature - Check app behavior when I toggle on the &apos;Agree to Ts&amp;Cs&apos; toggle" classname="First Time Users&apos; Welcome Flow - One Trust Feature" time="0">
    <skipped message="&apos;cucumber.filter.tags=@TC_1048344&apos; did not match this scenario"/>
  </testcase>
  <testcase name="First Time Users&apos; Welcome Flow - One Trust Feature - Check app behavior when user clicks on &apos;Terms and Conditions&apos; link in Before You Get Started&apos; screen" classname="First Time Users&apos; Welcome Flow - One Trust Feature" time="0">
    <skipped message="&apos;cucumber.filter.tags=@TC_1048344&apos; did not match this scenario"/>
  </testcase>
  <testcase name="First Time Users&apos; Welcome Flow - One Trust Feature - Check app behavior when I click on the &apos;back&apos; CTA in &apos;We Value Your Privacy&apos; screen" classname="First Time Users&apos; Welcome Flow - One Trust Feature" time="0">
    <skipped message="&apos;cucumber.filter.tags=@TC_1048344&apos; did not match this scenario"/>
  </testcase>
  <testcase name="First Time Users&apos; Welcome Flow - One Trust Feature - P1_Check UI &amp; back arrow for &quot;Cookie Permissions&quot; screen_UI" classname="First Time Users&apos; Welcome Flow - One Trust Feature" time="0">
    <skipped message="&apos;cucumber.filter.tags=@TC_1048344&apos; did not match this scenario"/>
  </testcase>
  <testcase name="First Time Users&apos; Welcome Flow - One Trust Feature - P1_Check Toggle ON/OFF for all cookies in &quot;Cookie Permissions&quot; screen_FUN" classname="First Time Users&apos; Welcome Flow - One Trust Feature" time="0">
    <skipped message="&apos;cucumber.filter.tags=@TC_1048344&apos; did not match this scenario"/>
  </testcase>
  <testcase name="First Time Users&apos; Welcome Flow - One Trust Feature - P2_Check expand/collapse all cookies cards in &quot;Cookie Permissions&quot; screen_FUN" classname="First Time Users&apos; Welcome Flow - One Trust Feature" time="0">
    <skipped message="&apos;cucumber.filter.tags=@TC_1048344&apos; did not match this scenario"/>
  </testcase>
  <testcase name="First Time Users&apos; Welcome Flow - One Trust Feature - Validate &quot;App Privacy Supplement&quot; Screen" classname="First Time Users&apos; Welcome Flow - One Trust Feature" time="0">
    <skipped message="&apos;cucumber.filter.tags=@TC_1048344&apos; did not match this scenario"/>
  </testcase>
  <testcase name="First Time Users&apos; Welcome Flow - One Trust Feature - Check UI of &quot;Our network and service&quot; screen without tapping on &quot;Network Improvements&quot; toggle" classname="First Time Users&apos; Welcome Flow - One Trust Feature" time="0">
    <skipped message="&apos;cucumber.filter.tags=@TC_1048344&apos; did not match this scenario"/>
  </testcase>
  <testcase name="First Time Users&apos; Welcome Flow - One Trust Feature - Check app behavior when user taps on &quot;Accept all&quot; CTA in &quot;Cookie Permissions&quot; screen" classname="First Time Users&apos; Welcome Flow - One Trust Feature" time="0">
    <skipped message="&apos;cucumber.filter.tags=@TC_1048344&apos; did not match this scenario"/>
  </testcase>
  <testcase name="First Time Users&apos; Welcome Flow - One Trust Feature - Check app behavior when user taps on &quot;Continue&quot; CTA in &quot;Cookie Permissions&quot; screen without opting in &quot;Performance Cookies&quot; permission" classname="First Time Users&apos; Welcome Flow - One Trust Feature" time="0">
    <skipped message="&apos;cucumber.filter.tags=@TC_1048344&apos; did not match this scenario"/>
  </testcase>
  <testcase name="First Time Users&apos; Welcome Flow - One Trust Feature - Check app behavior when user taps on &quot;Continue&quot; CTA in &quot;Cookie Permissions&quot; screen with opting in &quot;Performance Cookies&quot; permission" classname="First Time Users&apos; Welcome Flow - One Trust Feature" time="0">
    <skipped message="&apos;cucumber.filter.tags=@TC_1048344&apos; did not match this scenario"/>
  </testcase>
  <testcase name="First Time Users&apos; Welcome Flow - One Trust Feature - Check app behavior when user taps on &quot;Performance Cookies&quot; Link in &quot;Our network and service&quot; screen" classname="First Time Users&apos; Welcome Flow - One Trust Feature" time="0">
    <skipped message="&apos;cucumber.filter.tags=@TC_1048344&apos; did not match this scenario"/>
  </testcase>
  <testcase name="First Time Users&apos; Welcome Flow - One Trust Feature - Check app behavior when user taps on the back icon of &quot;Cookie Permissions&quot; screen after redirecting from &quot;Our network and service&quot; screen" classname="First Time Users&apos; Welcome Flow - One Trust Feature" time="0">
[...]
  </testcase>
  <testcase name="Billing Screen - Check the content of the billing dashboard using a softlogged consumer MPS user has more than 6 bills" classname="Billing Screen" time="0">
    <skipped message="&apos;cucumber.filter.tags=@TC_1048344&apos; did not match this scenario"/>
  </testcase>
  <testcase name="Billing Screen - Check the content of the billing dashboard using a softlogged consumer MBB user who has less than 3 bills" classname="Billing Screen" time="0">
    <skipped message="&apos;cucumber.filter.tags=@TC_1048344&apos; did not match this scenario"/>
  </testcase>
  <testcase name="Billing Screen - Validate Login Screen opened when user Click on Billing in soft logged in" classname="Billing Screen" time="0">
    <skipped message="&apos;cucumber.filter.tags=@TC_1048344&apos; did not match this scenario"/>
  </testcase>
  <testcase name="DashboardTray - Validate My Account" classname="DashboardTray" time="0">
    <skipped message="&apos;cucumber.filter.tags=@TC_1048344&apos; did not match this scenario"/>
  </testcase>
  <testcase name="DashboardTray - Check that TOBi opens and respond successfully from dashboard Tray" classname="DashboardTray" time="0">
    <skipped message="&apos;cucumber.filter.tags=@TC_1048344&apos; did not match this scenario"/>
  </testcase>
  <testcase name="DashboardTray - Check Tobi journey displayed for child user _function" classname="DashboardTray" time="0">
    <skipped message="&apos;cucumber.filter.tags=@TC_1048344&apos; did not match this scenario"/>
  </testcase>
  <testcase name="Important Documents item - validate Important Document item on account setting screen" classname="Important Documents item" time="0">
    <skipped message="&apos;cucumber.filter.tags=@TC_1048344&apos; did not match this scenario"/>
  </testcase>
  <testcase name="Important Documents item - Validate that Important Documents Open reinvent eCare link" classname="Important Documents item" time="0">
    <skipped message="&apos;cucumber.filter.tags=@TC_1048344&apos; did not match this scenario"/>
  </testcase>
  <testcase name="My Account drawer - TC02_ValidateMultipleAccountsUsers" classname="My Account drawer" time="0">
    <skipped message="&apos;cucumber.filter.tags=@TC_1048344&apos; did not match this scenario"/>
  </testcase>
  <testcase name="My Account drawer - Check app behavior when switch to PayG user" classname="My Account drawer" time="0">
    <skipped message="&apos;cucumber.filter.tags=@TC_1048344&apos; did not match this scenario"/>
  </testcase>
  <testcase name="My Account drawer - Check app behavior when switch to another subscription and hard close the app" classname="My Account drawer" time="0">
    <skipped message="&apos;cucumber.filter.tags=@TC_1048344&apos; did not match this scenario"/>
  </testcase>
  <testcase name="My Account drawer - Validate My Account New Implementation" classname="My Account drawer" time="0">
    <skipped message="&apos;cucumber.filter.tags=@TC_1048344&apos; did not match this scenario"/>
  </testcase>
  <testcase name="Privacy settings - TC01_ValidatePrivacySettingsItems" classname="Privacy settings" time="0">
    <skipped message="&apos;cucumber.filter.tags=@TC_1048344&apos; did not match this scenario"/>
  </testcase>
  <testcase name="Privacy settings - TC02_ValidateAppPrivacySupplementChevrons" classname="Privacy settings" time="0">
    <skipped message="&apos;cucumber.filter.tags=@TC_1048344&apos; did not match this scenario"/>
  </testcase>
  <testcase name="Privacy settings - TC04_ValidateMarketingPreferencesFunctionality" classname="Privacy settings" time="0">
    <skipped message="&apos;cucumber.filter.tags=@TC_1048344&apos; did not match this scenario"/>
  </testcase>
  <testcase name="Privacy settings - Validate Privacy Settings Screen" classname="Privacy settings" time="0">
    <skipped message="&apos;cucumber.filter.tags=@TC_1048344&apos; did not match this scenario"/>
  </testcase>
  <testcase name="Privacy settings - Check Privacy Settings tray UI using Unknown User" classname="Privacy settings" time="0">
    <skipped message="&apos;cucumber.filter.tags=@TC_1048344&apos; did not match this scenario"/>
  </testcase>
  <testcase name="RewardsTray - Check veryme card function" classname="RewardsTray" time="0">
    <skipped message="&apos;cucumber.filter.tags=@TC_1048344&apos; did not match this scenario"/>
  </testcase>
  <testcase name="RewardsTray - Check offers for you card function" classname="RewardsTray" time="0">
    <skipped message="&apos;cucumber.filter.tags=@TC_1048344&apos; did not match this scenario"/>
  </testcase>
  <testcase name="Setting Drawer and Account Settings - TC01_ValidateSettingsDrawerItems" classname="Setting Drawer and Account Settings" time="0">
    <skipped message="&apos;cucumber.filter.tags=@TC_1048344&apos; did not match this scenario"/>
  </testcase>
  <testcase name="Setting Drawer and Account Settings - TC04_ValidateSettingsDrawerForFLNUsers" classname="Setting Drawer and Account Settings" time="0">
    <skipped message="&apos;cucumber.filter.tags=@TC_1048344&apos; did not match this scenario"/>
  </testcase>
  <testcase name="Setting Drawer and Account Settings - TC05_ValidateSettingsDrawerForHBBUsers" classname="Setting Drawer and Account Settings" time="0">
    <skipped message="&apos;cucumber.filter.tags=@TC_1048344&apos; did not match this scenario"/>
  </testcase>
  <testcase name="DP&amp;C - Settings - Settings tray new UI - Check app behavior when MVA user taps on &quot;Settings&quot; tray in dashboard" classname="DP&amp;C - Settings - Settings tray new UI" time="0">
    <skipped message="&apos;cucumber.filter.tags=@TC_1048344&apos; did not match this scenario"/>
  </testcase>
  <testcase name="DP&amp;C - Settings - Settings tray new UI - Check app behavior when user taps on dismissal button of &quot;Settings&quot; tray" classname="DP&amp;C - Settings - Settings tray new UI" time="0">
    <skipped message="&apos;cucumber.filter.tags=@TC_1048344&apos; did not match this scenario"/>
  </testcase>
  <testcase name="DP&amp;C - Settings - Settings tray new UI - Check app behavior when Unknown user taps on &quot;Settings&quot; tray in Acquisition dashboard" classname="DP&amp;C - Settings - Settings tray new UI" time="0">
    <skipped message="&apos;cucumber.filter.tags=@TC_1048344&apos; did not match this scenario"/>
  </testcase>
  <testcase name="DP&amp;C - Settings - Settings tray new UI - Check changes in Dashboard api for App and Privacy settings for root Paym user" classname="DP&amp;C - Settings - Settings tray new UI" time="0">
    <skipped message="&apos;cucumber.filter.tags=@TC_1048344&apos; did not match this scenario"/>
  </testcase>
  <testcase name="Tobi Login Prompt - TC01_Validate Prompt displayed when Returning PAYM user with Biometrics clicks on Tobi" classname="Tobi Login Prompt" time="0">
    <skipped message="&apos;cucumber.filter.tags=@TC_1048344&apos; did not match this scenario"/>
  </testcase>
  <testcase name="Tobi Login Prompt - TC02_Validate behavior when user clicks on Skip login on the Tobi Prompt" classname="Tobi Login Prompt" time="0">
    <skipped message="&apos;cucumber.filter.tags=@TC_1048344&apos; did not match this scenario"/>
  </testcase>
  <testcase name="Tobi Login Prompt - TC03_Validate behavior when user clicks on Skip login on the Tobi Prompt" classname="Tobi Login Prompt" time="0">
    <skipped message="&apos;cucumber.filter.tags=@TC_1048344&apos; did not match this scenario"/>
  </testcase>
  <testcase name="New UFL Flows - TC01_ValidateUFLByPAYG" classname="New UFL Flows" time="0">
    <skipped message="&apos;cucumber.filter.tags=@TC_1048344&apos; did not match this scenario"/>
  </testcase>
  <testcase name="UFL Flows - TC01_validatePleaseContactUsFooter" classname="UFL Flows" time="0">
    <skipped message="&apos;cucumber.filter.tags=@TC_1048344&apos; did not match this scenario"/>
  </testcase>
  <testcase name="UFL Flows - TC02_checkFingerPrintDisplayed" classname="UFL Flows" time="0">
    <skipped message="&apos;cucumber.filter.tags=@TC_1048344&apos; did not match this scenario"/>
  </testcase>
  <testcase name="UFL Flows - TC03_validatedRestPINJourney" classname="UFL Flows" time="0">
    <skipped message="&apos;cucumber.filter.tags=@TC_1048344&apos; did not match this scenario"/>
  </testcase>
  <testcase name="Universal Link - TC01_ValidateBingoUniversalLinkwhileAppInForeground" classname="Universal Link" time="0">
    <skipped message="&apos;cucumber.filter.tags=@TC_1048344&apos; did not match this scenario"/>
  </testcase>
  <testcase name="Universal Link - TC02_ValidateBingoUniversalLinkwhileAppInBackground" classname="Universal Link" time="0">
    <skipped message="&apos;cucumber.filter.tags=@TC_1048344&apos; did not match this scenario"/>
  </testcase>
  <testcase name="Universal Link - TC03_ValidateNotBingoUniversalLink" classname="Universal Link" time="0">
    <skipped message="&apos;cucumber.filter.tags=@TC_1048344&apos; did not match this scenario"/>
  </testcase>
  <testcase name="Universal Link - TC01_ValidateUsageUniversalLink" classname="Universal Link" time="0">
    <skipped message="&apos;cucumber.filter.tags=@TC_1048344&apos; did not match this scenario"/>
  </testcase>
  <testcase name="Universal Link - TC02_ValidateFAQSUniversalLink" classname="Universal Link" time="0">
    <skipped message="&apos;cucumber.filter.tags=@TC_1048344&apos; did not match this scenario"/>
  </testcase>
  <testcase name="Universal Link - TC03_ValidateTopUpUniversalLink" classname="Universal Link" time="0">
    <skipped message="&apos;cucumber.filter.tags=@TC_1048344&apos; did not match this scenario"/>
  </testcase>
  <testcase name="Universal Link - TC04_ValidateExtrasUniversalLink" classname="Universal Link" time="0">
    <skipped message="&apos;cucumber.filter.tags=@TC_1048344&apos; did not match this scenario"/>
  </testcase>
  <testcase name="Universal Link - TC04_493624: P1_Check that the Universal Link on App 10.22_FUN" classname="Universal Link" time="0">
    <skipped message="&apos;cucumber.filter.tags=@TC_1048344&apos; did not match this scenario"/>
  </testcase>
  <testcase name="Universal Link - TC04_493632: Check that the Universal Link for strategic trade in journey will navigate to strategic trade in journey when the app is Hard closed" classname="Universal Link" time="0">
    <skipped message="&apos;cucumber.filter.tags=@TC_1048344&apos; did not match this scenario"/>
  </testcase>
  <testcase name="Universal Link - TC04_493636: Check that the Universal Link for strategic trade in journey will navigate to strategic trade in journey when the app is in the background" classname="Universal Link" time="0">
    <skipped message="&apos;cucumber.filter.tags=@TC_1048344&apos; did not match this scenario"/>
  </testcase>
  <testcase name="Universal Link - 496423.01_P1- Check the app behavior when click on the notification deeplink when user logged in and App in background (SoftClose)" classname="Universal Link" time="0">
    <skipped message="&apos;cucumber.filter.tags=@TC_1048344&apos; did not match this scenario"/>
  </testcase>
  <testcase name="Universal Link - 496423.02_P1- Check the app behavior when click on the notification deeplink when user is logged in and hard close the App" classname="Universal Link" time="0">
    <skipped message="&apos;cucumber.filter.tags=@TC_1048344&apos; did not match this scenario"/>
  </testcase>
  <testcase name="Universal Link - 496423.03_P1- Check the app behavior when click on the notification deeplink when app in background and user not logged in (SoftClose)" classname="Universal Link" time="0">
    <skipped message="&apos;cucumber.filter.tags=@TC_1048344&apos; did not match this scenario"/>
  </testcase>
  <testcase name="Universal Link - 496423.04_P1- Check the app behavior when click on the notification deeplink when the user hardClose the App and being not logged in" classname="Universal Link" time="0">
    <skipped message="&apos;cucumber.filter.tags=@TC_1048344&apos; did not match this scenario"/>
  </testcase>
  <testcase name="Universal Link - Check the content of the billing dashboard using a FL consumer child user on 10.27 app when accessing it through a universal link" classname="Universal Link" time="0">
    <skipped message="&apos;cucumber.filter.tags=@TC_1048344&apos; did not match this scenario"/>
  </testcase>
  <testcase name="Universal Link - Check that very me offer will open from universal link" classname="Universal Link" time="0">
    <skipped message="&apos;cucumber.filter.tags=@TC_1048344&apos; did not match this scenario"/>
  </testcase>
  <testcase name="Universal Link - Validate Your Plan Universal Link Navigate to plan subsoverlay screen" classname="Universal Link" time="0">
    <skipped message="&apos;cucumber.filter.tags=@TC_1048344&apos; did not match this scenario"/>
  </testcase>
  <testcase name="Universal Link - Validate the Trade in universal link open SDK successfully for Non Vodafone Users" classname="Universal Link" time="0">
    <skipped message="&apos;cucumber.filter.tags=@TC_1048344&apos; did not match this scenario"/>
  </testcase>
  <testcase name="Universal Link - Validate Broad band Service Universal Link for HBB user" classname="Universal Link" time="0">
    <skipped message="&apos;cucumber.filter.tags=@TC_1048344&apos; did not match this scenario"/>
  </testcase>
  <testcase name="Universal Link - Validate Broad band Service Universal Link for Consumer user" classname="Universal Link" time="0">
    <skipped message="&apos;cucumber.filter.tags=@TC_1048344&apos; did not match this scenario"/>
  </testcase>
  <testcase name="Universal Link - Validate Device plan Universal Link for EVO user" classname="Universal Link" time="0">
    <skipped message="&apos;cucumber.filter.tags=@TC_1048344&apos; did not match this scenario"/>
  </testcase>
  <testcase name="Universal Link - Validate Device plan Universal Link for Consumer user" classname="Universal Link" time="0">
    <skipped message="&apos;cucumber.filter.tags=@TC_1048344&apos; did not match this scenario"/>
  </testcase>
  <testcase name="Universal Link - Validate Spend Manager Universal Link" classname="Universal Link" time="0">
    <skipped message="&apos;cucumber.filter.tags=@TC_1048344&apos; did not match this scenario"/>
  </testcase>
  <testcase name="Universal Link - Validate AccountSettings Universal Link navigate to account settings screen" classname="Universal Link" time="0">
    <skipped message="&apos;cucumber.filter.tags=@TC_1048344&apos; did not match this scenario"/>
  </testcase>
  <testcase name="Universal Link - Validate Cards and Payment Universal Link navigate to cards and payments screen" classname="Universal Link" time="0">
    <skipped message="&apos;cucumber.filter.tags=@TC_1048344&apos; did not match this scenario"/>
  </testcase>
  <testcase name="Universal Link - Validate Active Controls and Limits Universal link while the app is in background (soft close) using softlogged MPS Consumer user" classname="Universal Link" time="0">
    <skipped message="&apos;cucumber.filter.tags=@TC_1048344&apos; did not match this scenario"/>
  </testcase>
  <testcase name="Universal Link - Validate Active Controls and Limits Universal link when hard close the app using FL MBB Soletrader user" classname="Universal Link" time="0">
    <skipped message="&apos;cucumber.filter.tags=@TC_1048344&apos; did not match this scenario"/>
  </testcase>
  <testcase name="Universal Link - Validate Extras Universal link navigate to new extras tab" classname="Universal Link" time="0">
    <skipped message="&apos;cucumber.filter.tags=@TC_1048344&apos; did not match this scenario"/>
  </testcase>
  <testcase name="Validate Login and Skip login screen content - Validate Login and skip login screen content" classname="Validate Login and Skip login screen content" time="0">
    <skipped message="&apos;cucumber.filter.tags=@TC_1048344&apos; did not match this scenario"/>
  </testcase>
  <testcase name="Cucumber" classname="Cucumber" time="38.798">
    <error message="Cannot invoke &quot;io.appium.java_client.AppiumDriver.quit()&quot; because &quot;core.Hooks.driver&quot; is null" type="java.lang.NullPointerException"><![CDATA[java.lang.NullPointerException: Cannot invoke "io.appium.java_client.AppiumDriver.quit()" because "core.Hooks.driver" is null
	at core.Hooks.teardown(Hooks.java:82)
	at core.EventHandlerPlugin$1.receive(EventHandlerPlugin.java:29)
	at core.EventHandlerPlugin$1.receive(EventHandlerPlugin.java:25)
	at io.cucumber.core.eventbus.AbstractEventPublisher.send(AbstractEventPublisher.java:51)
	at io.cucumber.core.eventbus.AbstractEventBus.send(AbstractEventBus.java:12)
	at io.cucumber.core.runtime.SynchronizedEventBus.send(SynchronizedEventBus.java:47)
	at io.cucumber.core.runtime.CucumberExecutionContext.emitTestRunFinished(CucumberExecutionContext.java:118)
	at io.cucumber.core.runtime.CucumberExecutionContext.finishTestRun(CucumberExecutionContext.java:105)
	at io.cucumber.junit.platform.engine.CucumberEngineExecutionContext.finishTestRun(CucumberEngineExecutionContext.java:126)
	at io.cucumber.junit.platform.engine.CucumberEngineDescriptor.ifChildren(CucumberEngineDescriptor.java:51)
	at io.cucumber.junit.platform.engine.CucumberEngineDescriptor.cleanUp(CucumberEngineDescriptor.java:36)
	at io.cucumber.junit.platform.engine.CucumberEngineDescriptor.cleanUp(CucumberEngineDescriptor.java:11)
	at org.junit.platform.engine.support.hierarchical.NodeTestTask.lambda$cleanUp$10(NodeTestTask.java:167)
	at org.junit.platform.engine.support.hierarchical.ThrowableCollector.execute(ThrowableCollector.java:73)
	at org.junit.platform.engine.support.hierarchical.NodeTestTask.cleanUp(NodeTestTask.java:167)
	at org.junit.platform.engine.support.hierarchical.NodeTestTask.execute(NodeTestTask.java:98)
	at org.junit.platform.engine.support.hierarchical.SameThreadHierarchicalTestExecutorService.submit(SameThreadHierarchicalTestExecutorService.java:35)
	at org.junit.platform.engine.support.hierarchical.HierarchicalTestExecutor.execute(HierarchicalTestExecutor.java:57)
	at org.junit.platform.engine.support.hierarchical.HierarchicalTestEngine.execute(HierarchicalTestEngine.java:54)
	at org.junit.platform.launcher.core.EngineExecutionOrchestrator.execute(EngineExecutionOrchestrator.java:147)
	at org.junit.platform.launcher.core.EngineExecutionOrchestrator.execute(EngineExecutionOrchestrator.java:127)
	at org.junit.platform.launcher.core.EngineExecutionOrchestrator.execute(EngineExecutionOrchestrator.java:90)
	at org.junit.platform.launcher.core.EngineExecutionOrchestrator.lambda$execute$0(EngineExecutionOrchestrator.java:55)
	at org.junit.platform.launcher.core.EngineExecutionOrchestrator.withInterceptedStreams(EngineExecutionOrchestrator.java:102)
	at org.junit.platform.launcher.core.EngineExecutionOrchestrator.execute(EngineExecutionOrchestrator.java:54)
	at org.junit.platform.launcher.core.DefaultLauncher.execute(DefaultLauncher.java:114)
	at org.junit.platform.launcher.core.DefaultLauncher.execute(DefaultLauncher.java:86)
	at org.junit.platform.launcher.core.DefaultLauncherSession$DelegatingLauncher.execute(DefaultLauncherSession.java:86)
	at org.apache.maven.surefire.junitplatform.LazyLauncher.execute(LazyLauncher.java:55)
	at org.apache.maven.surefire.junitplatform.JUnitPlatformProvider.execute(JUnitPlatformProvider.java:223)
	at org.apache.maven.surefire.junitplatform.JUnitPlatformProvider.invokeAllTests(JUnitPlatformProvider.java:175)
	at org.apache.maven.surefire.junitplatform.JUnitPlatformProvider.invoke(JUnitPlatformProvider.java:139)
	at org.apache.maven.surefire.booter.ForkedBooter.runSuitesInProcess(ForkedBooter.java:456)
	at org.apache.maven.surefire.booter.ForkedBooter.execute(ForkedBooter.java:169)
	at org.apache.maven.surefire.booter.ForkedBooter.run(ForkedBooter.java:595)
	at org.apache.maven.surefire.booter.ForkedBooter.main(ForkedBooter.java:581)
]]></error>
  </testcase>
</testsuite>